{"C:\\Users\\hchao\\Desktop\\frontend - Git\\src\\app\\App.tsx": {"path":"C:\\Users\\hchao\\Desktop\\frontend - Git\\src\\app\\App.tsx","statementMap":{"0":{"start":{"line":48,"column":50},"end":{"line":48,"column":null}},"1":{"start":{"line":50,"column":2},"end":{"line":60,"column":null}},"2":{"start":{"line":51,"column":4},"end":{"line":58,"column":null}},"3":{"start":{"line":62,"column":2},"end":{"line":62,"column":null}},"4":{"start":{"line":62,"column":24},"end":{"line":62,"column":null}},"5":{"start":{"line":63,"column":2},"end":{"line":63,"column":null}},"6":{"start":{"line":63,"column":16},"end":{"line":63,"column":null}},"7":{"start":{"line":65,"column":2},"end":{"line":65,"column":null}},"8":{"start":{"line":74,"column":50},"end":{"line":74,"column":null}},"9":{"start":{"line":76,"column":2},"end":{"line":86,"column":null}},"10":{"start":{"line":77,"column":4},"end":{"line":84,"column":null}},"11":{"start":{"line":88,"column":2},"end":{"line":88,"column":null}},"12":{"start":{"line":88,"column":24},"end":{"line":88,"column":null}},"13":{"start":{"line":89,"column":2},"end":{"line":89,"column":null}},"14":{"start":{"line":89,"column":15},"end":{"line":89,"column":null}},"15":{"start":{"line":91,"column":2},"end":{"line":91,"column":null}},"16":{"start":{"line":100,"column":41},"end":{"line":100,"column":null}},"17":{"start":{"line":102,"column":2},"end":{"line":112,"column":null}},"18":{"start":{"line":103,"column":4},"end":{"line":110,"column":null}},"19":{"start":{"line":114,"column":2},"end":{"line":114,"column":null}},"20":{"start":{"line":114,"column":24},"end":{"line":114,"column":null}},"21":{"start":{"line":116,"column":2},"end":{"line":116,"column":null}},"22":{"start":{"line":121,"column":2},"end":{"line":130,"column":null}},"23":{"start":{"line":135,"column":2},"end":{"line":224,"column":null}},"24":{"start":{"line":229,"column":2},"end":{"line":242,"column":null}}},"fnMap":{"0":{"name":"AdminRoute","decl":{"start":{"line":47,"column":9},"end":{"line":47,"column":20}},"loc":{"start":{"line":47,"column":65},"end":{"line":66,"column":null}},"line":47},"1":{"name":"UserRoute","decl":{"start":{"line":73,"column":9},"end":{"line":73,"column":19}},"loc":{"start":{"line":73,"column":64},"end":{"line":92,"column":null}},"line":73},"2":{"name":"AuthenticatedRoute","decl":{"start":{"line":99,"column":9},"end":{"line":99,"column":28}},"loc":{"start":{"line":99,"column":73},"end":{"line":117,"column":null}},"line":99},"3":{"name":"UserLayout","decl":{"start":{"line":120,"column":9},"end":{"line":120,"column":20}},"loc":{"start":{"line":120,"column":65},"end":{"line":132,"column":null}},"line":120},"4":{"name":"AppRoutes","decl":{"start":{"line":134,"column":9},"end":{"line":134,"column":21}},"loc":{"start":{"line":134,"column":21},"end":{"line":226,"column":null}},"line":134},"5":{"name":"App","decl":{"start":{"line":228,"column":24},"end":{"line":228,"column":30}},"loc":{"start":{"line":228,"column":30},"end":{"line":244,"column":null}},"line":228}},"branchMap":{"0":{"loc":{"start":{"line":50,"column":2},"end":{"line":60,"column":null}},"type":"if","locations":[{"start":{"line":50,"column":2},"end":{"line":60,"column":null}},{"start":{},"end":{}}],"line":50},"1":{"loc":{"start":{"line":62,"column":2},"end":{"line":62,"column":null}},"type":"if","locations":[{"start":{"line":62,"column":2},"end":{"line":62,"column":null}},{"start":{},"end":{}}],"line":62},"2":{"loc":{"start":{"line":63,"column":2},"end":{"line":63,"column":null}},"type":"if","locations":[{"start":{"line":63,"column":2},"end":{"line":63,"column":null}},{"start":{},"end":{}}],"line":63},"3":{"loc":{"start":{"line":76,"column":2},"end":{"line":86,"column":null}},"type":"if","locations":[{"start":{"line":76,"column":2},"end":{"line":86,"column":null}},{"start":{},"end":{}}],"line":76},"4":{"loc":{"start":{"line":88,"column":2},"end":{"line":88,"column":null}},"type":"if","locations":[{"start":{"line":88,"column":2},"end":{"line":88,"column":null}},{"start":{},"end":{}}],"line":88},"5":{"loc":{"start":{"line":89,"column":2},"end":{"line":89,"column":null}},"type":"if","locations":[{"start":{"line":89,"column":2},"end":{"line":89,"column":null}},{"start":{},"end":{}}],"line":89},"6":{"loc":{"start":{"line":102,"column":2},"end":{"line":112,"column":null}},"type":"if","locations":[{"start":{"line":102,"column":2},"end":{"line":112,"column":null}},{"start":{},"end":{}}],"line":102},"7":{"loc":{"start":{"line":114,"column":2},"end":{"line":114,"column":null}},"type":"if","locations":[{"start":{"line":114,"column":2},"end":{"line":114,"column":null}},{"start":{},"end":{}}],"line":114}},"s":{"0":2,"1":2,"2":0,"3":2,"4":0,"5":2,"6":1,"7":1,"8":2,"9":2,"10":0,"11":2,"12":1,"13":1,"14":0,"15":1,"16":0,"17":0,"18":0,"19":0,"20":0,"21":0,"22":1,"23":4,"24":4},"f":{"0":2,"1":2,"2":0,"3":1,"4":4,"5":4},"b":{"0":[0,2],"1":[0,2],"2":[1,1],"3":[0,2],"4":[1,1],"5":[0,1],"6":[0,0],"7":[0,0]},"meta":{"lastBranch":8,"lastFunction":6,"lastStatement":25,"seen":{"f:47:9:47:20":0,"s:48:50:48:Infinity":0,"b:50:2:60:Infinity:undefined:undefined:undefined:undefined":0,"s:50:2:60:Infinity":1,"s:51:4:58:Infinity":2,"b:62:2:62:Infinity:undefined:undefined:undefined:undefined":1,"s:62:2:62:Infinity":3,"s:62:24:62:Infinity":4,"b:63:2:63:Infinity:undefined:undefined:undefined:undefined":2,"s:63:2:63:Infinity":5,"s:63:16:63:Infinity":6,"s:65:2:65:Infinity":7,"f:73:9:73:19":1,"s:74:50:74:Infinity":8,"b:76:2:86:Infinity:undefined:undefined:undefined:undefined":3,"s:76:2:86:Infinity":9,"s:77:4:84:Infinity":10,"b:88:2:88:Infinity:undefined:undefined:undefined:undefined":4,"s:88:2:88:Infinity":11,"s:88:24:88:Infinity":12,"b:89:2:89:Infinity:undefined:undefined:undefined:undefined":5,"s:89:2:89:Infinity":13,"s:89:15:89:Infinity":14,"s:91:2:91:Infinity":15,"f:99:9:99:28":2,"s:100:41:100:Infinity":16,"b:102:2:112:Infinity:undefined:undefined:undefined:undefined":6,"s:102:2:112:Infinity":17,"s:103:4:110:Infinity":18,"b:114:2:114:Infinity:undefined:undefined:undefined:undefined":7,"s:114:2:114:Infinity":19,"s:114:24:114:Infinity":20,"s:116:2:116:Infinity":21,"f:120:9:120:20":3,"s:121:2:130:Infinity":22,"f:134:9:134:21":4,"s:135:2:224:Infinity":23,"f:228:24:228:30":5,"s:229:2:242:Infinity":24}}}
,"C:\\Users\\hchao\\Desktop\\frontend - Git\\src\\app\\components\\BackButton.tsx": {"path":"C:\\Users\\hchao\\Desktop\\frontend - Git\\src\\app\\components\\BackButton.tsx","statementMap":{"0":{"start":{"line":11,"column":8},"end":{"line":11,"column":null}},"1":{"start":{"line":13,"column":22},"end":{"line":19,"column":null}},"2":{"start":{"line":14,"column":4},"end":{"line":18,"column":null}},"3":{"start":{"line":15,"column":6},"end":{"line":15,"column":null}},"4":{"start":{"line":17,"column":6},"end":{"line":17,"column":null}},"5":{"start":{"line":21,"column":2},"end":{"line":30,"column":null}}},"fnMap":{"0":{"name":"BackButton","decl":{"start":{"line":10,"column":16},"end":{"line":10,"column":27}},"loc":{"start":{"line":10,"column":68},"end":{"line":32,"column":null}},"line":10},"1":{"name":"(anonymous_1)","decl":{"start":{"line":13,"column":22},"end":{"line":13,"column":28}},"loc":{"start":{"line":13,"column":28},"end":{"line":19,"column":null}},"line":13}},"branchMap":{"0":{"loc":{"start":{"line":10,"column":33},"end":{"line":10,"column":48}},"type":"default-arg","locations":[{"start":{"line":10,"column":45},"end":{"line":10,"column":48}}],"line":10},"1":{"loc":{"start":{"line":14,"column":4},"end":{"line":18,"column":null}},"type":"if","locations":[{"start":{"line":14,"column":4},"end":{"line":18,"column":null}},{"start":{"line":16,"column":11},"end":{"line":18,"column":null}}],"line":14}},"s":{"0":9,"1":9,"2":0,"3":0,"4":0,"5":9},"f":{"0":9,"1":0},"b":{"0":[9],"1":[0,0]},"meta":{"lastBranch":2,"lastFunction":2,"lastStatement":6,"seen":{"f:10:16:10:27":0,"b:10:45:10:48":0,"s:11:8:11:Infinity":0,"s:13:22:19:Infinity":1,"f:13:22:13:28":1,"b:14:4:18:Infinity:16:11:18:Infinity":1,"s:14:4:18:Infinity":2,"s:15:6:15:Infinity":3,"s:17:6:17:Infinity":4,"s:21:2:30:Infinity":5}}}
,"C:\\Users\\hchao\\Desktop\\frontend - Git\\src\\app\\components\\Button.tsx": {"path":"C:\\Users\\hchao\\Desktop\\frontend - Git\\src\\app\\components\\Button.tsx","statementMap":{"0":{"start":{"line":18,"column":4},"end":{"line":18,"column":null}},"1":{"start":{"line":20,"column":19},"end":{"line":26,"column":null}},"2":{"start":{"line":28,"column":2},"end":{"line":39,"column":null}}},"fnMap":{"0":{"name":"Button","decl":{"start":{"line":10,"column":16},"end":{"line":10,"column":23}},"loc":{"start":{"line":16,"column":16},"end":{"line":41,"column":null}},"line":16}},"branchMap":{"0":{"loc":{"start":{"line":11,"column":2},"end":{"line":11,"column":null}},"type":"default-arg","locations":[{"start":{"line":11,"column":12},"end":{"line":11,"column":null}}],"line":11},"1":{"loc":{"start":{"line":12,"column":2},"end":{"line":12,"column":null}},"type":"default-arg","locations":[{"start":{"line":12,"column":9},"end":{"line":12,"column":null}}],"line":12},"2":{"loc":{"start":{"line":14,"column":2},"end":{"line":14,"column":null}},"type":"default-arg","locations":[{"start":{"line":14,"column":14},"end":{"line":14,"column":null}}],"line":14},"3":{"loc":{"start":{"line":31,"column":8},"end":{"line":31,"column":null}},"type":"cond-expr","locations":[{"start":{"line":31,"column":15},"end":{"line":31,"column":31}},{"start":{"line":31,"column":31},"end":{"line":31,"column":null}}],"line":31}},"s":{"0":71,"1":71,"2":71},"f":{"0":71},"b":{"0":[71],"1":[71],"2":[71],"3":[61,10]},"meta":{"lastBranch":4,"lastFunction":1,"lastStatement":3,"seen":{"f:10:16:10:23":0,"b:11:12:11:Infinity":0,"b:12:9:12:Infinity":1,"b:14:14:14:Infinity":2,"s:18:4:18:Infinity":0,"s:20:19:26:Infinity":1,"s:28:2:39:Infinity":2,"b:31:15:31:31:31:31:31:Infinity":3}}}
,"C:\\Users\\hchao\\Desktop\\frontend - Git\\src\\app\\components\\GlassCard.tsx": {"path":"C:\\Users\\hchao\\Desktop\\frontend - Git\\src\\app\\components\\GlassCard.tsx","statementMap":{"0":{"start":{"line":11,"column":2},"end":{"line":18,"column":null}}},"fnMap":{"0":{"name":"GlassCard","decl":{"start":{"line":10,"column":16},"end":{"line":10,"column":26}},"loc":{"start":{"line":10,"column":87},"end":{"line":20,"column":null}},"line":10}},"branchMap":{"0":{"loc":{"start":{"line":10,"column":38},"end":{"line":10,"column":54}},"type":"default-arg","locations":[{"start":{"line":10,"column":50},"end":{"line":10,"column":54}}],"line":10},"1":{"loc":{"start":{"line":10,"column":54},"end":{"line":10,"column":68}},"type":"default-arg","locations":[{"start":{"line":10,"column":62},"end":{"line":10,"column":68}}],"line":10},"2":{"loc":{"start":{"line":14,"column":18},"end":{"line":14,"column":null}},"type":"cond-expr","locations":[{"start":{"line":14,"column":26},"end":{"line":14,"column":94}},{"start":{"line":14,"column":94},"end":{"line":14,"column":null}}],"line":14}},"s":{"0":98},"f":{"0":98},"b":{"0":[98],"1":[98],"2":[3,95]},"meta":{"lastBranch":3,"lastFunction":1,"lastStatement":1,"seen":{"f:10:16:10:26":0,"b:10:50:10:54":0,"b:10:62:10:68":1,"s:11:2:18:Infinity":0,"b:14:26:14:94:14:94:14:Infinity":2}}}
,"C:\\Users\\hchao\\Desktop\\frontend - Git\\src\\app\\components\\Input.tsx": {"path":"C:\\Users\\hchao\\Desktop\\frontend - Git\\src\\app\\components\\Input.tsx","statementMap":{"0":{"start":{"line":8,"column":2},"end":{"line":19,"column":null}}},"fnMap":{"0":{"name":"Input","decl":{"start":{"line":7,"column":16},"end":{"line":7,"column":22}},"loc":{"start":{"line":7,"column":71},"end":{"line":21,"column":null}},"line":7}},"branchMap":{"0":{"loc":{"start":{"line":7,"column":31},"end":{"line":7,"column":47}},"type":"default-arg","locations":[{"start":{"line":7,"column":43},"end":{"line":7,"column":47}}],"line":7},"1":{"loc":{"start":{"line":10,"column":7},"end":{"line":13,"column":null}},"type":"binary-expr","locations":[{"start":{"line":10,"column":7},"end":{"line":10,"column":null}},{"start":{"line":11,"column":8},"end":{"line":13,"column":null}}],"line":10}},"s":{"0":168},"f":{"0":168},"b":{"0":[168],"1":[168,168]},"meta":{"lastBranch":2,"lastFunction":1,"lastStatement":1,"seen":{"f:7:16:7:22":0,"b:7:43:7:47":0,"s:8:2:19:Infinity":0,"b:10:7:10:Infinity:11:8:13:Infinity":1}}}
,"C:\\Users\\hchao\\Desktop\\frontend - Git\\src\\app\\components\\PageTransition.tsx": {"path":"C:\\Users\\hchao\\Desktop\\frontend - Git\\src\\app\\components\\PageTransition.tsx","statementMap":{"0":{"start":{"line":9,"column":17},"end":{"line":35,"column":null}},"1":{"start":{"line":38,"column":18},"end":{"line":38,"column":null}},"2":{"start":{"line":40,"column":2},"end":{"line":49,"column":null}}},"fnMap":{"0":{"name":"PageTransition","decl":{"start":{"line":37,"column":16},"end":{"line":37,"column":31}},"loc":{"start":{"line":37,"column":86},"end":{"line":51,"column":null}},"line":37}},"branchMap":{"0":{"loc":{"start":{"line":37,"column":43},"end":{"line":37,"column":62}},"type":"default-arg","locations":[{"start":{"line":37,"column":55},"end":{"line":37,"column":62}}],"line":37}},"s":{"0":4,"1":67,"2":67},"f":{"0":67},"b":{"0":[67]},"meta":{"lastBranch":1,"lastFunction":1,"lastStatement":3,"seen":{"s:9:17:35:Infinity":0,"f:37:16:37:31":0,"b:37:55:37:62":0,"s:38:18:38:Infinity":1,"s:40:2:49:Infinity":2}}}
,"C:\\Users\\hchao\\Desktop\\frontend - Git\\src\\app\\components\\ProgressIndicator.tsx": {"path":"C:\\Users\\hchao\\Desktop\\frontend - Git\\src\\app\\components\\ProgressIndicator.tsx","statementMap":{"0":{"start":{"line":9,"column":2},"end":{"line":50,"column":null}},"1":{"start":{"line":26,"column":10},"end":{"line":47,"column":null}}},"fnMap":{"0":{"name":"ProgressIndicator","decl":{"start":{"line":8,"column":16},"end":{"line":8,"column":34}},"loc":{"start":{"line":8,"column":87},"end":{"line":52,"column":null}},"line":8},"1":{"name":"(anonymous_1)","decl":{"start":{"line":25,"column":48},"end":{"line":25,"column":49}},"loc":{"start":{"line":26,"column":10},"end":{"line":47,"column":null}},"line":26}},"branchMap":{"0":{"loc":{"start":{"line":29,"column":14},"end":{"line":31,"column":null}},"type":"cond-expr","locations":[{"start":{"line":30,"column":18},"end":{"line":30,"column":null}},{"start":{"line":31,"column":18},"end":{"line":31,"column":null}}],"line":29},"1":{"loc":{"start":{"line":36,"column":13},"end":{"line":45,"column":null}},"type":"cond-expr","locations":[{"start":{"line":37,"column":14},"end":{"line":37,"column":null}},{"start":{"line":39,"column":14},"end":{"line":45,"column":null}}],"line":36}},"s":{"0":27,"1":108},"f":{"0":27,"1":108},"b":{"0":[54,54],"1":[54,54]},"meta":{"lastBranch":2,"lastFunction":2,"lastStatement":2,"seen":{"f:8:16:8:34":0,"s:9:2:50:Infinity":0,"f:25:48:25:49":1,"s:26:10:47:Infinity":1,"b:30:18:30:Infinity:31:18:31:Infinity":0,"b:37:14:37:Infinity:39:14:45:Infinity":1}}}
,"C:\\Users\\hchao\\Desktop\\frontend - Git\\src\\app\\components\\figma\\ImageWithFallback.tsx": {"path":"C:\\Users\\hchao\\Desktop\\frontend - Git\\src\\app\\components\\figma\\ImageWithFallback.tsx","statementMap":{"0":{"start":{"line":4,"column":2},"end":{"line":4,"column":null}},"1":{"start":{"line":7,"column":30},"end":{"line":7,"column":null}},"2":{"start":{"line":9,"column":22},"end":{"line":11,"column":null}},"3":{"start":{"line":10,"column":4},"end":{"line":10,"column":null}},"4":{"start":{"line":14,"column":63},"end":{"line":14,"column":null}},"5":{"start":{"line":16,"column":2},"end":{"line":26,"column":null}}},"fnMap":{"0":{"name":"ImageWithFallback","decl":{"start":{"line":6,"column":16},"end":{"line":6,"column":34}},"loc":{"start":{"line":6,"column":84},"end":{"line":28,"column":null}},"line":6},"1":{"name":"(anonymous_1)","decl":{"start":{"line":9,"column":22},"end":{"line":9,"column":28}},"loc":{"start":{"line":9,"column":28},"end":{"line":11,"column":null}},"line":9}},"branchMap":{"0":{"loc":{"start":{"line":16,"column":9},"end":{"line":26,"column":null}},"type":"cond-expr","locations":[{"start":{"line":17,"column":4},"end":{"line":24,"column":null}},{"start":{"line":26,"column":4},"end":{"line":26,"column":null}}],"line":16},"1":{"loc":{"start":{"line":18,"column":70},"end":{"line":18,"column":85}},"type":"binary-expr","locations":[{"start":{"line":18,"column":70},"end":{"line":18,"column":83}},{"start":{"line":18,"column":83},"end":{"line":18,"column":85}}],"line":18}},"s":{"0":2,"1":10,"2":10,"3":0,"4":10,"5":10},"f":{"0":10,"1":0},"b":{"0":[0,10],"1":[0,0]},"meta":{"lastBranch":2,"lastFunction":2,"lastStatement":6,"seen":{"s:4:2:4:Infinity":0,"f:6:16:6:34":0,"s:7:30:7:Infinity":1,"s:9:22:11:Infinity":2,"f:9:22:9:28":1,"s:10:4:10:Infinity":3,"s:14:63:14:Infinity":4,"s:16:2:26:Infinity":5,"b:17:4:24:Infinity:26:4:26:Infinity":0,"b:18:70:18:83:18:83:18:85":1}}}
,"C:\\Users\\hchao\\Desktop\\frontend - Git\\src\\app\\pages\\CartPage.tsx": {"path":"C:\\Users\\hchao\\Desktop\\frontend - Git\\src\\app\\pages\\CartPage.tsx","statementMap":{"0":{"start":{"line":13,"column":8},"end":{"line":13,"column":null}},"1":{"start":{"line":14,"column":57},"end":{"line":14,"column":null}},"2":{"start":{"line":16,"column":40},"end":{"line":16,"column":null}},"3":{"start":{"line":18,"column":19},"end":{"line":21,"column":null}},"4":{"start":{"line":19,"column":19},"end":{"line":19,"column":null}},"5":{"start":{"line":22,"column":19},"end":{"line":22,"column":null}},"6":{"start":{"line":23,"column":19},"end":{"line":23,"column":null}},"7":{"start":{"line":24,"column":16},"end":{"line":24,"column":null}},"8":{"start":{"line":26,"column":2},"end":{"line":273,"column":null}},"9":{"start":{"line":71,"column":44},"end":{"line":71,"column":67}},"10":{"start":{"line":86,"column":18},"end":{"line":201,"column":null}},"11":{"start":{"line":112,"column":32},"end":{"line":112,"column":null}},"12":{"start":{"line":112,"column":72},"end":{"line":112,"column":98}},"13":{"start":{"line":113,"column":32},"end":{"line":121,"column":null}},"14":{"start":{"line":114,"column":34},"end":{"line":114,"column":null}},"15":{"start":{"line":116,"column":34},"end":{"line":120,"column":null}},"16":{"start":{"line":117,"column":51},"end":{"line":117,"column":null}},"17":{"start":{"line":118,"column":36},"end":{"line":118,"column":null}},"18":{"start":{"line":119,"column":36},"end":{"line":119,"column":null}},"19":{"start":{"line":139,"column":34},"end":{"line":139,"column":null}},"20":{"start":{"line":139,"column":74},"end":{"line":139,"column":100}},"21":{"start":{"line":140,"column":34},"end":{"line":148,"column":null}},"22":{"start":{"line":141,"column":36},"end":{"line":141,"column":null}},"23":{"start":{"line":143,"column":36},"end":{"line":147,"column":null}},"24":{"start":{"line":144,"column":53},"end":{"line":144,"column":null}},"25":{"start":{"line":145,"column":38},"end":{"line":145,"column":null}},"26":{"start":{"line":146,"column":38},"end":{"line":146,"column":null}},"27":{"start":{"line":164,"column":34},"end":{"line":164,"column":null}},"28":{"start":{"line":164,"column":74},"end":{"line":164,"column":100}},"29":{"start":{"line":165,"column":34},"end":{"line":173,"column":null}},"30":{"start":{"line":166,"column":36},"end":{"line":166,"column":null}},"31":{"start":{"line":168,"column":36},"end":{"line":172,"column":null}},"32":{"start":{"line":169,"column":53},"end":{"line":169,"column":null}},"33":{"start":{"line":170,"column":38},"end":{"line":170,"column":null}},"34":{"start":{"line":171,"column":38},"end":{"line":171,"column":null}},"35":{"start":{"line":254,"column":35},"end":{"line":254,"column":null}},"36":{"start":{"line":263,"column":35},"end":{"line":263,"column":null}}},"fnMap":{"0":{"name":"CartPage","decl":{"start":{"line":12,"column":16},"end":{"line":12,"column":27}},"loc":{"start":{"line":12,"column":27},"end":{"line":275,"column":null}},"line":12},"1":{"name":"(anonymous_1)","decl":{"start":{"line":19,"column":4},"end":{"line":19,"column":5}},"loc":{"start":{"line":19,"column":19},"end":{"line":19,"column":null}},"line":19},"2":{"name":"(anonymous_2)","decl":{"start":{"line":71,"column":38},"end":{"line":71,"column":44}},"loc":{"start":{"line":71,"column":44},"end":{"line":71,"column":67}},"line":71},"3":{"name":"(anonymous_3)","decl":{"start":{"line":85,"column":31},"end":{"line":85,"column":32}},"loc":{"start":{"line":86,"column":18},"end":{"line":201,"column":null}},"line":86},"4":{"name":"(anonymous_4)","decl":{"start":{"line":111,"column":39},"end":{"line":111,"column":51}},"loc":{"start":{"line":111,"column":51},"end":{"line":122,"column":null}},"line":111},"5":{"name":"(anonymous_5)","decl":{"start":{"line":112,"column":49},"end":{"line":112,"column":50}},"loc":{"start":{"line":112,"column":72},"end":{"line":112,"column":98}},"line":112},"6":{"name":"(anonymous_6)","decl":{"start":{"line":116,"column":51},"end":{"line":116,"column":52}},"loc":{"start":{"line":116,"column":74},"end":{"line":120,"column":35}},"line":116},"7":{"name":"(anonymous_7)","decl":{"start":{"line":138,"column":41},"end":{"line":138,"column":53}},"loc":{"start":{"line":138,"column":53},"end":{"line":149,"column":null}},"line":138},"8":{"name":"(anonymous_8)","decl":{"start":{"line":139,"column":51},"end":{"line":139,"column":52}},"loc":{"start":{"line":139,"column":74},"end":{"line":139,"column":100}},"line":139},"9":{"name":"(anonymous_9)","decl":{"start":{"line":143,"column":53},"end":{"line":143,"column":54}},"loc":{"start":{"line":143,"column":76},"end":{"line":147,"column":37}},"line":143},"10":{"name":"(anonymous_10)","decl":{"start":{"line":163,"column":41},"end":{"line":163,"column":53}},"loc":{"start":{"line":163,"column":53},"end":{"line":174,"column":null}},"line":163},"11":{"name":"(anonymous_11)","decl":{"start":{"line":164,"column":51},"end":{"line":164,"column":52}},"loc":{"start":{"line":164,"column":74},"end":{"line":164,"column":100}},"line":164},"12":{"name":"(anonymous_12)","decl":{"start":{"line":168,"column":53},"end":{"line":168,"column":54}},"loc":{"start":{"line":168,"column":76},"end":{"line":172,"column":37}},"line":168},"13":{"name":"(anonymous_13)","decl":{"start":{"line":254,"column":29},"end":{"line":254,"column":35}},"loc":{"start":{"line":254,"column":35},"end":{"line":254,"column":null}},"line":254},"14":{"name":"(anonymous_14)","decl":{"start":{"line":263,"column":29},"end":{"line":263,"column":35}},"loc":{"start":{"line":263,"column":35},"end":{"line":263,"column":null}},"line":263}},"branchMap":{"0":{"loc":{"start":{"line":22,"column":19},"end":{"line":22,"column":null}},"type":"cond-expr","locations":[{"start":{"line":22,"column":36},"end":{"line":22,"column":41}},{"start":{"line":22,"column":41},"end":{"line":22,"column":null}}],"line":22},"1":{"loc":{"start":{"line":43,"column":34},"end":{"line":43,"column":76}},"type":"cond-expr","locations":[{"start":{"line":43,"column":59},"end":{"line":43,"column":68}},{"start":{"line":43,"column":68},"end":{"line":43,"column":76}}],"line":43},"2":{"loc":{"start":{"line":47,"column":11},"end":{"line":269,"column":null}},"type":"cond-expr","locations":[{"start":{"line":48,"column":12},"end":{"line":58,"column":null}},{"start":{"line":59,"column":14},"end":{"line":269,"column":null}}],"line":47},"3":{"loc":{"start":{"line":59,"column":14},"end":{"line":269,"column":null}},"type":"cond-expr","locations":[{"start":{"line":60,"column":12},"end":{"line":75,"column":null}},{"start":{"line":77,"column":12},"end":{"line":269,"column":null}}],"line":59},"4":{"loc":{"start":{"line":126,"column":31},"end":{"line":129,"column":null}},"type":"cond-expr","locations":[{"start":{"line":127,"column":32},"end":{"line":127,"column":null}},{"start":{"line":129,"column":32},"end":{"line":129,"column":null}}],"line":126},"5":{"loc":{"start":{"line":151,"column":42},"end":{"line":151,"column":null}},"type":"binary-expr","locations":[{"start":{"line":151,"column":42},"end":{"line":151,"column":65}},{"start":{"line":151,"column":65},"end":{"line":151,"column":null}}],"line":151},"6":{"loc":{"start":{"line":153,"column":33},"end":{"line":156,"column":null}},"type":"cond-expr","locations":[{"start":{"line":154,"column":34},"end":{"line":154,"column":null}},{"start":{"line":156,"column":34},"end":{"line":156,"column":null}}],"line":153},"7":{"loc":{"start":{"line":178,"column":33},"end":{"line":181,"column":null}},"type":"cond-expr","locations":[{"start":{"line":179,"column":34},"end":{"line":179,"column":null}},{"start":{"line":181,"column":34},"end":{"line":181,"column":null}}],"line":178},"8":{"loc":{"start":{"line":191,"column":31},"end":{"line":194,"column":null}},"type":"binary-expr","locations":[{"start":{"line":191,"column":31},"end":{"line":191,"column":null}},{"start":{"line":192,"column":32},"end":{"line":194,"column":null}}],"line":191},"9":{"loc":{"start":{"line":220,"column":21},"end":{"line":227,"column":null}},"type":"binary-expr","locations":[{"start":{"line":220,"column":21},"end":{"line":220,"column":null}},{"start":{"line":221,"column":22},"end":{"line":227,"column":null}}],"line":220},"10":{"loc":{"start":{"line":243,"column":19},"end":{"line":248,"column":null}},"type":"binary-expr","locations":[{"start":{"line":243,"column":19},"end":{"line":243,"column":null}},{"start":{"line":244,"column":20},"end":{"line":248,"column":null}}],"line":243}},"s":{"0":9,"1":9,"2":9,"3":9,"4":7,"5":9,"6":9,"7":9,"8":9,"9":1,"10":7,"11":1,"12":1,"13":1,"14":1,"15":1,"16":1,"17":1,"18":1,"19":0,"20":0,"21":0,"22":0,"23":0,"24":0,"25":0,"26":0,"27":1,"28":1,"29":1,"30":1,"31":1,"32":1,"33":1,"34":1,"35":1,"36":0},"f":{"0":9,"1":7,"2":1,"3":7,"4":1,"5":1,"6":1,"7":0,"8":0,"9":0,"10":1,"11":1,"12":1,"13":1,"14":0},"b":{"0":[3,6],"1":[7,2],"2":[1,8],"3":[1,7],"4":[2,5],"5":[7,3],"6":[2,5],"7":[2,5],"8":[7,3],"9":[7,3],"10":[7,4]},"meta":{"lastBranch":11,"lastFunction":15,"lastStatement":37,"seen":{"f:12:16:12:27":0,"s:13:8:13:Infinity":0,"s:14:57:14:Infinity":1,"s:16:40:16:Infinity":2,"s:18:19:21:Infinity":3,"f:19:4:19:5":1,"s:19:19:19:Infinity":4,"s:22:19:22:Infinity":5,"b:22:36:22:41:22:41:22:Infinity":0,"s:23:19:23:Infinity":6,"s:24:16:24:Infinity":7,"s:26:2:273:Infinity":8,"b:43:59:43:68:43:68:43:76":1,"b:48:12:58:Infinity:59:14:269:Infinity":2,"b:60:12:75:Infinity:77:12:269:Infinity":3,"f:71:38:71:44":2,"s:71:44:71:67":9,"f:85:31:85:32":3,"s:86:18:201:Infinity":10,"f:111:39:111:51":4,"s:112:32:112:Infinity":11,"f:112:49:112:50":5,"s:112:72:112:98":12,"s:113:32:121:Infinity":13,"s:114:34:114:Infinity":14,"s:116:34:120:Infinity":15,"f:116:51:116:52":6,"s:117:51:117:Infinity":16,"s:118:36:118:Infinity":17,"s:119:36:119:Infinity":18,"b:127:32:127:Infinity:129:32:129:Infinity":4,"f:138:41:138:53":7,"s:139:34:139:Infinity":19,"f:139:51:139:52":8,"s:139:74:139:100":20,"s:140:34:148:Infinity":21,"s:141:36:141:Infinity":22,"s:143:36:147:Infinity":23,"f:143:53:143:54":9,"s:144:53:144:Infinity":24,"s:145:38:145:Infinity":25,"s:146:38:146:Infinity":26,"b:151:42:151:65:151:65:151:Infinity":5,"b:154:34:154:Infinity:156:34:156:Infinity":6,"f:163:41:163:53":10,"s:164:34:164:Infinity":27,"f:164:51:164:52":11,"s:164:74:164:100":28,"s:165:34:173:Infinity":29,"s:166:36:166:Infinity":30,"s:168:36:172:Infinity":31,"f:168:53:168:54":12,"s:169:53:169:Infinity":32,"s:170:38:170:Infinity":33,"s:171:38:171:Infinity":34,"b:179:34:179:Infinity:181:34:181:Infinity":7,"b:191:31:191:Infinity:192:32:194:Infinity":8,"b:220:21:220:Infinity:221:22:227:Infinity":9,"b:243:19:243:Infinity:244:20:248:Infinity":10,"f:254:29:254:35":13,"s:254:35:254:Infinity":35,"f:263:29:263:35":14,"s:263:35:263:Infinity":36}}}
,"C:\\Users\\hchao\\Desktop\\frontend - Git\\src\\app\\pages\\CheckoutPage.tsx": {"path":"C:\\Users\\hchao\\Desktop\\frontend - Git\\src\\app\\pages\\CheckoutPage.tsx","statementMap":{"0":{"start":{"line":30,"column":8},"end":{"line":30,"column":null}},"1":{"start":{"line":31,"column":20},"end":{"line":31,"column":null}},"2":{"start":{"line":32,"column":16},"end":{"line":32,"column":null}},"3":{"start":{"line":33,"column":34},"end":{"line":33,"column":null}},"4":{"start":{"line":34,"column":30},"end":{"line":43,"column":null}},"5":{"start":{"line":45,"column":23},"end":{"line":69,"column":null}},"6":{"start":{"line":46,"column":4},"end":{"line":46,"column":null}},"7":{"start":{"line":47,"column":4},"end":{"line":47,"column":null}},"8":{"start":{"line":47,"column":16},"end":{"line":47,"column":null}},"9":{"start":{"line":49,"column":4},"end":{"line":49,"column":null}},"10":{"start":{"line":50,"column":4},"end":{"line":68,"column":null}},"11":{"start":{"line":51,"column":23},"end":{"line":56,"column":null}},"12":{"start":{"line":58,"column":6},"end":{"line":63,"column":null}},"13":{"start":{"line":59,"column":22},"end":{"line":59,"column":null}},"14":{"start":{"line":60,"column":8},"end":{"line":60,"column":null}},"15":{"start":{"line":62,"column":8},"end":{"line":62,"column":null}},"16":{"start":{"line":65,"column":6},"end":{"line":65,"column":null}},"17":{"start":{"line":67,"column":6},"end":{"line":67,"column":null}},"18":{"start":{"line":71,"column":21},"end":{"line":75,"column":null}},"19":{"start":{"line":71,"column":56},"end":{"line":75,"column":4}},"20":{"start":{"line":77,"column":19},"end":{"line":80,"column":null}},"21":{"start":{"line":78,"column":25},"end":{"line":78,"column":null}},"22":{"start":{"line":79,"column":4},"end":{"line":79,"column":null}},"23":{"start":{"line":82,"column":19},"end":{"line":82,"column":null}},"24":{"start":{"line":83,"column":16},"end":{"line":83,"column":null}},"25":{"start":{"line":85,"column":2},"end":{"line":295,"column":null}},"26":{"start":{"line":121,"column":26},"end":{"line":121,"column":null}},"27":{"start":{"line":131,"column":26},"end":{"line":131,"column":null}},"28":{"start":{"line":143,"column":24},"end":{"line":143,"column":null}},"29":{"start":{"line":156,"column":26},"end":{"line":156,"column":null}},"30":{"start":{"line":166,"column":26},"end":{"line":166,"column":null}},"31":{"start":{"line":185,"column":24},"end":{"line":185,"column":null}},"32":{"start":{"line":197,"column":26},"end":{"line":197,"column":null}},"33":{"start":{"line":207,"column":26},"end":{"line":207,"column":null}},"34":{"start":{"line":250,"column":20},"end":{"line":261,"column":null}}},"fnMap":{"0":{"name":"CheckoutPage","decl":{"start":{"line":29,"column":16},"end":{"line":29,"column":31}},"loc":{"start":{"line":29,"column":31},"end":{"line":297,"column":null}},"line":29},"1":{"name":"(anonymous_1)","decl":{"start":{"line":45,"column":23},"end":{"line":45,"column":30}},"loc":{"start":{"line":45,"column":70},"end":{"line":69,"column":null}},"line":45},"2":{"name":"(anonymous_2)","decl":{"start":{"line":71,"column":35},"end":{"line":71,"column":36}},"loc":{"start":{"line":71,"column":56},"end":{"line":75,"column":4}},"line":71},"3":{"name":"(anonymous_3)","decl":{"start":{"line":77,"column":36},"end":{"line":77,"column":37}},"loc":{"start":{"line":77,"column":69},"end":{"line":80,"column":5}},"line":77},"4":{"name":"(anonymous_4)","decl":{"start":{"line":120,"column":34},"end":{"line":120,"column":35}},"loc":{"start":{"line":121,"column":26},"end":{"line":121,"column":null}},"line":121},"5":{"name":"(anonymous_5)","decl":{"start":{"line":130,"column":34},"end":{"line":130,"column":35}},"loc":{"start":{"line":131,"column":26},"end":{"line":131,"column":null}},"line":131},"6":{"name":"(anonymous_6)","decl":{"start":{"line":142,"column":32},"end":{"line":142,"column":33}},"loc":{"start":{"line":143,"column":24},"end":{"line":143,"column":null}},"line":143},"7":{"name":"(anonymous_7)","decl":{"start":{"line":155,"column":34},"end":{"line":155,"column":35}},"loc":{"start":{"line":156,"column":26},"end":{"line":156,"column":null}},"line":156},"8":{"name":"(anonymous_8)","decl":{"start":{"line":165,"column":34},"end":{"line":165,"column":35}},"loc":{"start":{"line":166,"column":26},"end":{"line":166,"column":null}},"line":166},"9":{"name":"(anonymous_9)","decl":{"start":{"line":184,"column":32},"end":{"line":184,"column":33}},"loc":{"start":{"line":185,"column":24},"end":{"line":185,"column":null}},"line":185},"10":{"name":"(anonymous_10)","decl":{"start":{"line":196,"column":34},"end":{"line":196,"column":35}},"loc":{"start":{"line":197,"column":26},"end":{"line":197,"column":null}},"line":197},"11":{"name":"(anonymous_11)","decl":{"start":{"line":206,"column":34},"end":{"line":206,"column":35}},"loc":{"start":{"line":207,"column":26},"end":{"line":207,"column":null}},"line":207},"12":{"name":"(anonymous_12)","decl":{"start":{"line":249,"column":34},"end":{"line":249,"column":35}},"loc":{"start":{"line":250,"column":20},"end":{"line":261,"column":null}},"line":250}},"branchMap":{"0":{"loc":{"start":{"line":47,"column":4},"end":{"line":47,"column":null}},"type":"if","locations":[{"start":{"line":47,"column":4},"end":{"line":47,"column":null}},{"start":{},"end":{}}],"line":47},"1":{"loc":{"start":{"line":58,"column":6},"end":{"line":63,"column":null}},"type":"if","locations":[{"start":{"line":58,"column":6},"end":{"line":63,"column":null}},{"start":{"line":61,"column":13},"end":{"line":63,"column":null}}],"line":58},"2":{"loc":{"start":{"line":78,"column":25},"end":{"line":78,"column":null}},"type":"binary-expr","locations":[{"start":{"line":78,"column":25},"end":{"line":78,"column":75}},{"start":{"line":78,"column":75},"end":{"line":78,"column":null}}],"line":78},"3":{"loc":{"start":{"line":227,"column":21},"end":{"line":233,"column":null}},"type":"cond-expr","locations":[{"start":{"line":228,"column":22},"end":{"line":231,"column":null}},{"start":{"line":233,"column":22},"end":{"line":233,"column":null}}],"line":227},"4":{"loc":{"start":{"line":257,"column":27},"end":{"line":257,"column":null}},"type":"binary-expr","locations":[{"start":{"line":257,"column":27},"end":{"line":257,"column":77}},{"start":{"line":257,"column":77},"end":{"line":257,"column":null}}],"line":257}},"s":{"0":21,"1":21,"2":21,"3":21,"4":21,"5":21,"6":2,"7":2,"8":1,"9":1,"10":1,"11":1,"12":1,"13":1,"14":1,"15":0,"16":0,"17":1,"18":21,"19":42,"20":21,"21":42,"22":42,"23":21,"24":21,"25":21,"26":2,"27":2,"28":2,"29":2,"30":2,"31":2,"32":2,"33":2,"34":42},"f":{"0":21,"1":2,"2":42,"3":42,"4":2,"5":2,"6":2,"7":2,"8":2,"9":2,"10":2,"11":2,"12":42},"b":{"0":[1,1],"1":[1,0],"2":[42,0],"3":[1,20],"4":[42,0]},"meta":{"lastBranch":5,"lastFunction":13,"lastStatement":35,"seen":{"f:29:16:29:31":0,"s:30:8:30:Infinity":0,"s:31:20:31:Infinity":1,"s:32:16:32:Infinity":2,"s:33:34:33:Infinity":3,"s:34:30:43:Infinity":4,"s:45:23:69:Infinity":5,"f:45:23:45:30":1,"s:46:4:46:Infinity":6,"b:47:4:47:Infinity:undefined:undefined:undefined:undefined":0,"s:47:4:47:Infinity":7,"s:47:16:47:Infinity":8,"s:49:4:49:Infinity":9,"s:50:4:68:Infinity":10,"s:51:23:56:Infinity":11,"b:58:6:63:Infinity:61:13:63:Infinity":1,"s:58:6:63:Infinity":12,"s:59:22:59:Infinity":13,"s:60:8:60:Infinity":14,"s:62:8:62:Infinity":15,"s:65:6:65:Infinity":16,"s:67:6:67:Infinity":17,"s:71:21:75:Infinity":18,"f:71:35:71:36":2,"s:71:56:75:4":19,"s:77:19:80:Infinity":20,"f:77:36:77:37":3,"s:78:25:78:Infinity":21,"b:78:25:78:75:78:75:78:Infinity":2,"s:79:4:79:Infinity":22,"s:82:19:82:Infinity":23,"s:83:16:83:Infinity":24,"s:85:2:295:Infinity":25,"f:120:34:120:35":4,"s:121:26:121:Infinity":26,"f:130:34:130:35":5,"s:131:26:131:Infinity":27,"f:142:32:142:33":6,"s:143:24:143:Infinity":28,"f:155:34:155:35":7,"s:156:26:156:Infinity":29,"f:165:34:165:35":8,"s:166:26:166:Infinity":30,"f:184:32:184:33":9,"s:185:24:185:Infinity":31,"f:196:34:196:35":10,"s:197:26:197:Infinity":32,"f:206:34:206:35":11,"s:207:26:207:Infinity":33,"b:228:22:231:Infinity:233:22:233:Infinity":3,"f:249:34:249:35":12,"s:250:20:261:Infinity":34,"b:257:27:257:77:257:77:257:Infinity":4}}}
,"C:\\Users\\hchao\\Desktop\\frontend - Git\\src\\app\\pages\\ProductsPage.tsx": {"path":"C:\\Users\\hchao\\Desktop\\frontend - Git\\src\\app\\pages\\ProductsPage.tsx","statementMap":{"0":{"start":{"line":61,"column":2},"end":{"line":65,"column":null}},"1":{"start":{"line":70,"column":2},"end":{"line":70,"column":null}},"2":{"start":{"line":70,"column":12},"end":{"line":70,"column":null}},"3":{"start":{"line":72,"column":2},"end":{"line":110,"column":null}},"4":{"start":{"line":73,"column":19},"end":{"line":73,"column":null}},"5":{"start":{"line":75,"column":4},"end":{"line":75,"column":null}},"6":{"start":{"line":75,"column":34},"end":{"line":75,"column":null}},"7":{"start":{"line":77,"column":4},"end":{"line":77,"column":null}},"8":{"start":{"line":77,"column":44},"end":{"line":77,"column":null}},"9":{"start":{"line":79,"column":4},"end":{"line":82,"column":null}},"10":{"start":{"line":80,"column":21},"end":{"line":80,"column":null}},"11":{"start":{"line":81,"column":6},"end":{"line":81,"column":null}},"12":{"start":{"line":81,"column":36},"end":{"line":81,"column":null}},"13":{"start":{"line":84,"column":4},"end":{"line":84,"column":null}},"14":{"start":{"line":84,"column":42},"end":{"line":84,"column":null}},"15":{"start":{"line":86,"column":4},"end":{"line":89,"column":null}},"16":{"start":{"line":87,"column":21},"end":{"line":87,"column":null}},"17":{"start":{"line":88,"column":6},"end":{"line":88,"column":null}},"18":{"start":{"line":88,"column":36},"end":{"line":88,"column":null}},"19":{"start":{"line":91,"column":4},"end":{"line":91,"column":null}},"20":{"start":{"line":91,"column":40},"end":{"line":91,"column":null}},"21":{"start":{"line":93,"column":4},"end":{"line":96,"column":null}},"22":{"start":{"line":94,"column":21},"end":{"line":94,"column":null}},"23":{"start":{"line":95,"column":6},"end":{"line":95,"column":null}},"24":{"start":{"line":95,"column":36},"end":{"line":95,"column":null}},"25":{"start":{"line":98,"column":4},"end":{"line":98,"column":null}},"26":{"start":{"line":98,"column":46},"end":{"line":98,"column":null}},"27":{"start":{"line":100,"column":4},"end":{"line":103,"column":null}},"28":{"start":{"line":101,"column":21},"end":{"line":101,"column":null}},"29":{"start":{"line":102,"column":6},"end":{"line":102,"column":null}},"30":{"start":{"line":102,"column":36},"end":{"line":102,"column":null}},"31":{"start":{"line":105,"column":4},"end":{"line":105,"column":null}},"32":{"start":{"line":106,"column":4},"end":{"line":106,"column":null}},"33":{"start":{"line":108,"column":4},"end":{"line":108,"column":null}},"34":{"start":{"line":109,"column":4},"end":{"line":109,"column":null}},"35":{"start":{"line":114,"column":8},"end":{"line":114,"column":null}},"36":{"start":{"line":115,"column":18},"end":{"line":115,"column":null}},"37":{"start":{"line":117,"column":30},"end":{"line":117,"column":null}},"38":{"start":{"line":118,"column":30},"end":{"line":118,"column":null}},"39":{"start":{"line":119,"column":28},"end":{"line":119,"column":null}},"40":{"start":{"line":120,"column":38},"end":{"line":120,"column":null}},"41":{"start":{"line":121,"column":36},"end":{"line":121,"column":null}},"42":{"start":{"line":122,"column":38},"end":{"line":122,"column":null}},"43":{"start":{"line":124,"column":2},"end":{"line":165,"column":null}},"44":{"start":{"line":125,"column":26},"end":{"line":162,"column":null}},"45":{"start":{"line":126,"column":6},"end":{"line":161,"column":null}},"46":{"start":{"line":127,"column":30},"end":{"line":127,"column":null}},"47":{"start":{"line":128,"column":31},"end":{"line":128,"column":null}},"48":{"start":{"line":130,"column":8},"end":{"line":130,"column":null}},"49":{"start":{"line":131,"column":8},"end":{"line":131,"column":null}},"50":{"start":{"line":133,"column":8},"end":{"line":137,"column":null}},"51":{"start":{"line":134,"column":10},"end":{"line":134,"column":null}},"52":{"start":{"line":135,"column":10},"end":{"line":135,"column":null}},"53":{"start":{"line":136,"column":10},"end":{"line":136,"column":null}},"54":{"start":{"line":139,"column":8},"end":{"line":139,"column":null}},"55":{"start":{"line":141,"column":25},"end":{"line":147,"column":null}},"56":{"start":{"line":149,"column":21},"end":{"line":149,"column":null}},"57":{"start":{"line":151,"column":8},"end":{"line":153,"column":null}},"58":{"start":{"line":152,"column":10},"end":{"line":152,"column":null}},"59":{"start":{"line":155,"column":8},"end":{"line":155,"column":null}},"60":{"start":{"line":157,"column":8},"end":{"line":157,"column":null}},"61":{"start":{"line":158,"column":8},"end":{"line":158,"column":null}},"62":{"start":{"line":160,"column":8},"end":{"line":160,"column":null}},"63":{"start":{"line":164,"column":4},"end":{"line":164,"column":null}},"64":{"start":{"line":167,"column":24},"end":{"line":171,"column":null}},"65":{"start":{"line":168,"column":4},"end":{"line":168,"column":null}},"66":{"start":{"line":168,"column":21},"end":{"line":168,"column":null}},"67":{"start":{"line":169,"column":4},"end":{"line":169,"column":null}},"68":{"start":{"line":169,"column":21},"end":{"line":169,"column":null}},"69":{"start":{"line":170,"column":4},"end":{"line":170,"column":null}},"70":{"start":{"line":173,"column":23},"end":{"line":177,"column":null}},"71":{"start":{"line":174,"column":4},"end":{"line":174,"column":null}},"72":{"start":{"line":174,"column":21},"end":{"line":174,"column":null}},"73":{"start":{"line":175,"column":4},"end":{"line":175,"column":null}},"74":{"start":{"line":175,"column":21},"end":{"line":175,"column":null}},"75":{"start":{"line":176,"column":4},"end":{"line":176,"column":null}},"76":{"start":{"line":179,"column":2},"end":{"line":198,"column":null}},"77":{"start":{"line":180,"column":4},"end":{"line":196,"column":null}},"78":{"start":{"line":191,"column":40},"end":{"line":191,"column":61}},"79":{"start":{"line":200,"column":2},"end":{"line":498,"column":null}},"80":{"start":{"line":250,"column":42},"end":{"line":250,"column":64}},"81":{"start":{"line":260,"column":18},"end":{"line":468,"column":null}},"82":{"start":{"line":310,"column":28},"end":{"line":317,"column":null}},"83":{"start":{"line":354,"column":32},"end":{"line":359,"column":null}},"84":{"start":{"line":368,"column":30},"end":{"line":374,"column":null}},"85":{"start":{"line":419,"column":36},"end":{"line":419,"column":null}},"86":{"start":{"line":429,"column":36},"end":{"line":429,"column":null}},"87":{"start":{"line":430,"column":36},"end":{"line":444,"column":null}},"88":{"start":{"line":431,"column":38},"end":{"line":437,"column":null}},"89":{"start":{"line":438,"column":38},"end":{"line":438,"column":null}},"90":{"start":{"line":439,"column":38},"end":{"line":439,"column":null}},"91":{"start":{"line":439,"column":55},"end":{"line":439,"column":77}},"92":{"start":{"line":441,"column":38},"end":{"line":441,"column":null}},"93":{"start":{"line":443,"column":38},"end":{"line":443,"column":null}},"94":{"start":{"line":459,"column":47},"end":{"line":459,"column":null}}},"fnMap":{"0":{"name":"isAnalysisResult","decl":{"start":{"line":60,"column":9},"end":{"line":60,"column":26}},"loc":{"start":{"line":60,"column":61},"end":{"line":67,"column":null}},"line":60},"1":{"name":"extractAnalysisFromStorage","decl":{"start":{"line":69,"column":9},"end":{"line":69,"column":36}},"loc":{"start":{"line":69,"column":79},"end":{"line":111,"column":null}},"line":69},"2":{"name":"ProductsPage","decl":{"start":{"line":113,"column":16},"end":{"line":113,"column":31}},"loc":{"start":{"line":113,"column":31},"end":{"line":500,"column":null}},"line":113},"3":{"name":"(anonymous_3)","decl":{"start":{"line":124,"column":12},"end":{"line":124,"column":18}},"loc":{"start":{"line":124,"column":18},"end":{"line":165,"column":5}},"line":124},"4":{"name":"(anonymous_4)","decl":{"start":{"line":125,"column":26},"end":{"line":125,"column":38}},"loc":{"start":{"line":125,"column":38},"end":{"line":162,"column":null}},"line":125},"5":{"name":"(anonymous_5)","decl":{"start":{"line":167,"column":24},"end":{"line":167,"column":25}},"loc":{"start":{"line":167,"column":43},"end":{"line":171,"column":null}},"line":167},"6":{"name":"(anonymous_6)","decl":{"start":{"line":173,"column":23},"end":{"line":173,"column":24}},"loc":{"start":{"line":173,"column":42},"end":{"line":177,"column":null}},"line":173},"7":{"name":"(anonymous_7)","decl":{"start":{"line":191,"column":34},"end":{"line":191,"column":40}},"loc":{"start":{"line":191,"column":40},"end":{"line":191,"column":61}},"line":191},"8":{"name":"(anonymous_8)","decl":{"start":{"line":250,"column":36},"end":{"line":250,"column":42}},"loc":{"start":{"line":250,"column":42},"end":{"line":250,"column":64}},"line":250},"9":{"name":"(anonymous_9)","decl":{"start":{"line":259,"column":30},"end":{"line":259,"column":31}},"loc":{"start":{"line":260,"column":18},"end":{"line":468,"column":null}},"line":260},"10":{"name":"(anonymous_10)","decl":{"start":{"line":309,"column":57},"end":{"line":309,"column":58}},"loc":{"start":{"line":310,"column":28},"end":{"line":317,"column":null}},"line":310},"11":{"name":"(anonymous_11)","decl":{"start":{"line":353,"column":58},"end":{"line":353,"column":59}},"loc":{"start":{"line":354,"column":32},"end":{"line":359,"column":null}},"line":354},"12":{"name":"(anonymous_12)","decl":{"start":{"line":367,"column":50},"end":{"line":367,"column":51}},"loc":{"start":{"line":368,"column":30},"end":{"line":374,"column":null}},"line":368},"13":{"name":"(anonymous_13)","decl":{"start":{"line":418,"column":43},"end":{"line":418,"column":null}},"loc":{"start":{"line":419,"column":36},"end":{"line":419,"column":null}},"line":419},"14":{"name":"(anonymous_14)","decl":{"start":{"line":428,"column":43},"end":{"line":428,"column":55}},"loc":{"start":{"line":428,"column":55},"end":{"line":445,"column":null}},"line":428},"15":{"name":"(anonymous_15)","decl":{"start":{"line":439,"column":49},"end":{"line":439,"column":55}},"loc":{"start":{"line":439,"column":55},"end":{"line":439,"column":77}},"line":439},"16":{"name":"(anonymous_16)","decl":{"start":{"line":459,"column":41},"end":{"line":459,"column":47}},"loc":{"start":{"line":459,"column":47},"end":{"line":459,"column":null}},"line":459}},"branchMap":{"0":{"loc":{"start":{"line":62,"column":4},"end":{"line":65,"column":null}},"type":"binary-expr","locations":[{"start":{"line":62,"column":4},"end":{"line":62,"column":null}},{"start":{"line":63,"column":4},"end":{"line":63,"column":null}},{"start":{"line":64,"column":4},"end":{"line":64,"column":null}},{"start":{"line":65,"column":4},"end":{"line":65,"column":null}}],"line":62},"1":{"loc":{"start":{"line":70,"column":2},"end":{"line":70,"column":null}},"type":"if","locations":[{"start":{"line":70,"column":2},"end":{"line":70,"column":null}},{"start":{},"end":{}}],"line":70},"2":{"loc":{"start":{"line":75,"column":4},"end":{"line":75,"column":null}},"type":"if","locations":[{"start":{"line":75,"column":4},"end":{"line":75,"column":null}},{"start":{},"end":{}}],"line":75},"3":{"loc":{"start":{"line":77,"column":4},"end":{"line":77,"column":null}},"type":"if","locations":[{"start":{"line":77,"column":4},"end":{"line":77,"column":null}},{"start":{},"end":{}}],"line":77},"4":{"loc":{"start":{"line":79,"column":4},"end":{"line":82,"column":null}},"type":"if","locations":[{"start":{"line":79,"column":4},"end":{"line":82,"column":null}},{"start":{},"end":{}}],"line":79},"5":{"loc":{"start":{"line":81,"column":6},"end":{"line":81,"column":null}},"type":"if","locations":[{"start":{"line":81,"column":6},"end":{"line":81,"column":null}},{"start":{},"end":{}}],"line":81},"6":{"loc":{"start":{"line":84,"column":4},"end":{"line":84,"column":null}},"type":"if","locations":[{"start":{"line":84,"column":4},"end":{"line":84,"column":null}},{"start":{},"end":{}}],"line":84},"7":{"loc":{"start":{"line":86,"column":4},"end":{"line":89,"column":null}},"type":"if","locations":[{"start":{"line":86,"column":4},"end":{"line":89,"column":null}},{"start":{},"end":{}}],"line":86},"8":{"loc":{"start":{"line":88,"column":6},"end":{"line":88,"column":null}},"type":"if","locations":[{"start":{"line":88,"column":6},"end":{"line":88,"column":null}},{"start":{},"end":{}}],"line":88},"9":{"loc":{"start":{"line":91,"column":4},"end":{"line":91,"column":null}},"type":"if","locations":[{"start":{"line":91,"column":4},"end":{"line":91,"column":null}},{"start":{},"end":{}}],"line":91},"10":{"loc":{"start":{"line":93,"column":4},"end":{"line":96,"column":null}},"type":"if","locations":[{"start":{"line":93,"column":4},"end":{"line":96,"column":null}},{"start":{},"end":{}}],"line":93},"11":{"loc":{"start":{"line":95,"column":6},"end":{"line":95,"column":null}},"type":"if","locations":[{"start":{"line":95,"column":6},"end":{"line":95,"column":null}},{"start":{},"end":{}}],"line":95},"12":{"loc":{"start":{"line":98,"column":4},"end":{"line":98,"column":null}},"type":"if","locations":[{"start":{"line":98,"column":4},"end":{"line":98,"column":null}},{"start":{},"end":{}}],"line":98},"13":{"loc":{"start":{"line":100,"column":4},"end":{"line":103,"column":null}},"type":"if","locations":[{"start":{"line":100,"column":4},"end":{"line":103,"column":null}},{"start":{},"end":{}}],"line":100},"14":{"loc":{"start":{"line":102,"column":6},"end":{"line":102,"column":null}},"type":"if","locations":[{"start":{"line":102,"column":6},"end":{"line":102,"column":null}},{"start":{},"end":{}}],"line":102},"15":{"loc":{"start":{"line":133,"column":8},"end":{"line":137,"column":null}},"type":"if","locations":[{"start":{"line":133,"column":8},"end":{"line":137,"column":null}},{"start":{},"end":{}}],"line":133},"16":{"loc":{"start":{"line":151,"column":8},"end":{"line":153,"column":null}},"type":"if","locations":[{"start":{"line":151,"column":8},"end":{"line":153,"column":null}},{"start":{},"end":{}}],"line":151},"17":{"loc":{"start":{"line":152,"column":26},"end":{"line":152,"column":80}},"type":"binary-expr","locations":[{"start":{"line":152,"column":26},"end":{"line":152,"column":43}},{"start":{"line":152,"column":43},"end":{"line":152,"column":80}}],"line":152},"18":{"loc":{"start":{"line":155,"column":20},"end":{"line":155,"column":51}},"type":"cond-expr","locations":[{"start":{"line":155,"column":42},"end":{"line":155,"column":49}},{"start":{"line":155,"column":49},"end":{"line":155,"column":51}}],"line":155},"19":{"loc":{"start":{"line":158,"column":24},"end":{"line":158,"column":79}},"type":"binary-expr","locations":[{"start":{"line":158,"column":24},"end":{"line":158,"column":42}},{"start":{"line":158,"column":42},"end":{"line":158,"column":79}}],"line":158},"20":{"loc":{"start":{"line":168,"column":4},"end":{"line":168,"column":null}},"type":"if","locations":[{"start":{"line":168,"column":4},"end":{"line":168,"column":null}},{"start":{},"end":{}}],"line":168},"21":{"loc":{"start":{"line":169,"column":4},"end":{"line":169,"column":null}},"type":"if","locations":[{"start":{"line":169,"column":4},"end":{"line":169,"column":null}},{"start":{},"end":{}}],"line":169},"22":{"loc":{"start":{"line":174,"column":4},"end":{"line":174,"column":null}},"type":"if","locations":[{"start":{"line":174,"column":4},"end":{"line":174,"column":null}},{"start":{},"end":{}}],"line":174},"23":{"loc":{"start":{"line":175,"column":4},"end":{"line":175,"column":null}},"type":"if","locations":[{"start":{"line":175,"column":4},"end":{"line":175,"column":null}},{"start":{},"end":{}}],"line":175},"24":{"loc":{"start":{"line":179,"column":2},"end":{"line":198,"column":null}},"type":"if","locations":[{"start":{"line":179,"column":2},"end":{"line":198,"column":null}},{"start":{},"end":{}}],"line":179},"25":{"loc":{"start":{"line":179,"column":6},"end":{"line":179,"column":29}},"type":"binary-expr","locations":[{"start":{"line":179,"column":6},"end":{"line":179,"column":19}},{"start":{"line":179,"column":19},"end":{"line":179,"column":29}}],"line":179},"26":{"loc":{"start":{"line":217,"column":13},"end":{"line":227,"column":null}},"type":"binary-expr","locations":[{"start":{"line":217,"column":13},"end":{"line":217,"column":null}},{"start":{"line":218,"column":14},"end":{"line":227,"column":null}}],"line":217},"27":{"loc":{"start":{"line":219,"column":34},"end":{"line":219,"column":65}},"type":"binary-expr","locations":[{"start":{"line":219,"column":34},"end":{"line":219,"column":55}},{"start":{"line":219,"column":55},"end":{"line":219,"column":65}}],"line":219},"28":{"loc":{"start":{"line":221,"column":37},"end":{"line":221,"column":65}},"type":"binary-expr","locations":[{"start":{"line":221,"column":37},"end":{"line":221,"column":61}},{"start":{"line":221,"column":61},"end":{"line":221,"column":65}}],"line":221},"29":{"loc":{"start":{"line":224,"column":20},"end":{"line":224,"column":52}},"type":"binary-expr","locations":[{"start":{"line":224,"column":20},"end":{"line":224,"column":49}},{"start":{"line":224,"column":49},"end":{"line":224,"column":52}}],"line":224},"30":{"loc":{"start":{"line":224,"column":52},"end":{"line":225,"column":67}},"type":"cond-expr","locations":[{"start":{"line":225,"column":58},"end":{"line":225,"column":64}},{"start":{"line":225,"column":64},"end":{"line":225,"column":67}}],"line":224},"31":{"loc":{"start":{"line":225,"column":20},"end":{"line":225,"column":54}},"type":"binary-expr","locations":[{"start":{"line":225,"column":20},"end":{"line":225,"column":49}},{"start":{"line":225,"column":49},"end":{"line":225,"column":54}}],"line":225},"32":{"loc":{"start":{"line":231,"column":11},"end":{"line":240,"column":null}},"type":"binary-expr","locations":[{"start":{"line":231,"column":11},"end":{"line":231,"column":null}},{"start":{"line":232,"column":12},"end":{"line":240,"column":null}}],"line":231},"33":{"loc":{"start":{"line":243,"column":11},"end":{"line":253,"column":null}},"type":"binary-expr","locations":[{"start":{"line":243,"column":11},"end":{"line":243,"column":23}},{"start":{"line":243,"column":23},"end":{"line":243,"column":null}},{"start":{"line":244,"column":12},"end":{"line":253,"column":null}}],"line":243},"34":{"loc":{"start":{"line":256,"column":11},"end":{"line":494,"column":null}},"type":"binary-expr","locations":[{"start":{"line":256,"column":11},"end":{"line":256,"column":23}},{"start":{"line":256,"column":23},"end":{"line":256,"column":null}},{"start":{"line":257,"column":12},"end":{"line":494,"column":null}}],"line":256},"35":{"loc":{"start":{"line":270,"column":28},"end":{"line":270,"column":null}},"type":"binary-expr","locations":[{"start":{"line":270,"column":28},"end":{"line":270,"column":45}},{"start":{"line":270,"column":45},"end":{"line":270,"column":null}}],"line":270},"36":{"loc":{"start":{"line":275,"column":57},"end":{"line":275,"column":77}},"type":"binary-expr","locations":[{"start":{"line":275,"column":57},"end":{"line":275,"column":74}},{"start":{"line":275,"column":74},"end":{"line":275,"column":77}}],"line":275},"37":{"loc":{"start":{"line":278,"column":42},"end":{"line":278,"column":61}},"type":"binary-expr","locations":[{"start":{"line":278,"column":42},"end":{"line":278,"column":59}},{"start":{"line":278,"column":59},"end":{"line":278,"column":61}}],"line":278},"38":{"loc":{"start":{"line":283,"column":23},"end":{"line":289,"column":null}},"type":"binary-expr","locations":[{"start":{"line":283,"column":23},"end":{"line":283,"column":null}},{"start":{"line":284,"column":24},"end":{"line":289,"column":null}}],"line":283},"39":{"loc":{"start":{"line":302,"column":27},"end":{"line":302,"column":null}},"type":"binary-expr","locations":[{"start":{"line":302,"column":27},"end":{"line":302,"column":44}},{"start":{"line":302,"column":44},"end":{"line":302,"column":null}}],"line":302},"40":{"loc":{"start":{"line":313,"column":32},"end":{"line":315,"column":null}},"type":"cond-expr","locations":[{"start":{"line":314,"column":36},"end":{"line":314,"column":null}},{"start":{"line":315,"column":36},"end":{"line":315,"column":null}}],"line":313},"41":{"loc":{"start":{"line":313,"column":47},"end":{"line":313,"column":66}},"type":"binary-expr","locations":[{"start":{"line":313,"column":47},"end":{"line":313,"column":65}},{"start":{"line":313,"column":65},"end":{"line":313,"column":66}}],"line":313},"42":{"loc":{"start":{"line":320,"column":30},"end":{"line":320,"column":52}},"type":"binary-expr","locations":[{"start":{"line":320,"column":30},"end":{"line":320,"column":48}},{"start":{"line":320,"column":48},"end":{"line":320,"column":52}}],"line":320},"43":{"loc":{"start":{"line":324,"column":25},"end":{"line":341,"column":null}},"type":"binary-expr","locations":[{"start":{"line":324,"column":25},"end":{"line":324,"column":null}},{"start":{"line":325,"column":26},"end":{"line":341,"column":null}}],"line":324},"44":{"loc":{"start":{"line":337,"column":35},"end":{"line":337,"column":null}},"type":"binary-expr","locations":[{"start":{"line":337,"column":35},"end":{"line":337,"column":62}},{"start":{"line":337,"column":62},"end":{"line":337,"column":null}}],"line":337},"45":{"loc":{"start":{"line":344,"column":25},"end":{"line":362,"column":null}},"type":"binary-expr","locations":[{"start":{"line":344,"column":25},"end":{"line":344,"column":null}},{"start":{"line":345,"column":26},"end":{"line":362,"column":null}}],"line":344},"46":{"loc":{"start":{"line":365,"column":25},"end":{"line":376,"column":null}},"type":"binary-expr","locations":[{"start":{"line":365,"column":25},"end":{"line":365,"column":null}},{"start":{"line":366,"column":26},"end":{"line":376,"column":null}}],"line":365},"47":{"loc":{"start":{"line":390,"column":33},"end":{"line":390,"column":53}},"type":"binary-expr","locations":[{"start":{"line":390,"column":33},"end":{"line":390,"column":50}},{"start":{"line":390,"column":50},"end":{"line":390,"column":53}}],"line":390},"48":{"loc":{"start":{"line":396,"column":34},"end":{"line":396,"column":null}},"type":"binary-expr","locations":[{"start":{"line":396,"column":34},"end":{"line":396,"column":51}},{"start":{"line":396,"column":51},"end":{"line":396,"column":null}}],"line":396},"49":{"loc":{"start":{"line":399,"column":53},"end":{"line":399,"column":72}},"type":"binary-expr","locations":[{"start":{"line":399,"column":53},"end":{"line":399,"column":70}},{"start":{"line":399,"column":70},"end":{"line":399,"column":72}}],"line":399},"50":{"loc":{"start":{"line":409,"column":31},"end":{"line":409,"column":null}},"type":"binary-expr","locations":[{"start":{"line":409,"column":31},"end":{"line":409,"column":48}},{"start":{"line":409,"column":48},"end":{"line":409,"column":null}}],"line":409},"51":{"loc":{"start":{"line":413,"column":29},"end":{"line":462,"column":null}},"type":"cond-expr","locations":[{"start":{"line":414,"column":30},"end":{"line":454,"column":null}},{"start":{"line":456,"column":30},"end":{"line":462,"column":null}}],"line":413},"52":{"loc":{"start":{"line":436,"column":45},"end":{"line":436,"column":null}},"type":"binary-expr","locations":[{"start":{"line":436,"column":45},"end":{"line":436,"column":60}},{"start":{"line":436,"column":60},"end":{"line":436,"column":null}}],"line":436},"53":{"loc":{"start":{"line":448,"column":35},"end":{"line":452,"column":null}},"type":"cond-expr","locations":[{"start":{"line":449,"column":38},"end":{"line":449,"column":null}},{"start":{"line":450,"column":38},"end":{"line":452,"column":null}}],"line":448},"54":{"loc":{"start":{"line":450,"column":38},"end":{"line":452,"column":null}},"type":"cond-expr","locations":[{"start":{"line":451,"column":38},"end":{"line":451,"column":null}},{"start":{"line":452,"column":38},"end":{"line":452,"column":null}}],"line":450}},"s":{"0":2,"1":3,"2":1,"3":2,"4":2,"5":2,"6":2,"7":0,"8":0,"9":0,"10":0,"11":0,"12":0,"13":0,"14":0,"15":0,"16":0,"17":0,"18":0,"19":0,"20":0,"21":0,"22":0,"23":0,"24":0,"25":0,"26":0,"27":0,"28":0,"29":0,"30":0,"31":0,"32":0,"33":0,"34":0,"35":10,"36":10,"37":10,"38":10,"39":10,"40":10,"41":10,"42":10,"43":10,"44":3,"45":3,"46":3,"47":3,"48":3,"49":3,"50":3,"51":1,"52":1,"53":1,"54":2,"55":2,"56":2,"57":2,"58":1,"59":1,"60":1,"61":1,"62":3,"63":3,"64":10,"65":6,"66":6,"67":0,"68":0,"69":0,"70":10,"71":3,"72":3,"73":0,"74":0,"75":0,"76":10,"77":1,"78":1,"79":9,"80":1,"81":3,"82":15,"83":6,"84":6,"85":0,"86":1,"87":1,"88":1,"89":1,"90":1,"91":0,"92":0,"93":1,"94":0},"f":{"0":2,"1":3,"2":10,"3":3,"4":3,"5":6,"6":3,"7":1,"8":1,"9":3,"10":15,"11":6,"12":6,"13":0,"14":1,"15":0,"16":0},"b":{"0":[2,2,2,2],"1":[1,2],"2":[2,0],"3":[0,0],"4":[0,0],"5":[0,0],"6":[0,0],"7":[0,0],"8":[0,0],"9":[0,0],"10":[0,0],"11":[0,0],"12":[0,0],"13":[0,0],"14":[0,0],"15":[1,2],"16":[1,1],"17":[1,0],"18":[1,0],"19":[1,0],"20":[6,0],"21":[0,0],"22":[3,0],"23":[0,0],"24":[1,9],"25":[10,4],"26":[9,6],"27":[6,0],"28":[6,0],"29":[6,0],"30":[0,6],"31":[6,0],"32":[10,5],"33":[10,4,1],"34":[10,4,3],"35":[3,0],"36":[3,0],"37":[3,0],"38":[3,3],"39":[3,0],"40":[12,3],"41":[15,0],"42":[3,0],"43":[3,3],"44":[3,0],"45":[3,3],"46":[3,3],"47":[3,0],"48":[3,0],"49":[3,0],"50":[3,0],"51":[3,0],"52":[1,0],"53":[1,2],"54":[1,1]},"meta":{"lastBranch":55,"lastFunction":17,"lastStatement":95,"seen":{"f:60:9:60:26":0,"s:61:2:65:Infinity":0,"b:62:4:62:Infinity:63:4:63:Infinity:64:4:64:Infinity:65:4:65:Infinity":0,"f:69:9:69:36":1,"b:70:2:70:Infinity:undefined:undefined:undefined:undefined":1,"s:70:2:70:Infinity":1,"s:70:12:70:Infinity":2,"s:72:2:110:Infinity":3,"s:73:19:73:Infinity":4,"b:75:4:75:Infinity:undefined:undefined:undefined:undefined":2,"s:75:4:75:Infinity":5,"s:75:34:75:Infinity":6,"b:77:4:77:Infinity:undefined:undefined:undefined:undefined":3,"s:77:4:77:Infinity":7,"s:77:44:77:Infinity":8,"b:79:4:82:Infinity:undefined:undefined:undefined:undefined":4,"s:79:4:82:Infinity":9,"s:80:21:80:Infinity":10,"b:81:6:81:Infinity:undefined:undefined:undefined:undefined":5,"s:81:6:81:Infinity":11,"s:81:36:81:Infinity":12,"b:84:4:84:Infinity:undefined:undefined:undefined:undefined":6,"s:84:4:84:Infinity":13,"s:84:42:84:Infinity":14,"b:86:4:89:Infinity:undefined:undefined:undefined:undefined":7,"s:86:4:89:Infinity":15,"s:87:21:87:Infinity":16,"b:88:6:88:Infinity:undefined:undefined:undefined:undefined":8,"s:88:6:88:Infinity":17,"s:88:36:88:Infinity":18,"b:91:4:91:Infinity:undefined:undefined:undefined:undefined":9,"s:91:4:91:Infinity":19,"s:91:40:91:Infinity":20,"b:93:4:96:Infinity:undefined:undefined:undefined:undefined":10,"s:93:4:96:Infinity":21,"s:94:21:94:Infinity":22,"b:95:6:95:Infinity:undefined:undefined:undefined:undefined":11,"s:95:6:95:Infinity":23,"s:95:36:95:Infinity":24,"b:98:4:98:Infinity:undefined:undefined:undefined:undefined":12,"s:98:4:98:Infinity":25,"s:98:46:98:Infinity":26,"b:100:4:103:Infinity:undefined:undefined:undefined:undefined":13,"s:100:4:103:Infinity":27,"s:101:21:101:Infinity":28,"b:102:6:102:Infinity:undefined:undefined:undefined:undefined":14,"s:102:6:102:Infinity":29,"s:102:36:102:Infinity":30,"s:105:4:105:Infinity":31,"s:106:4:106:Infinity":32,"s:108:4:108:Infinity":33,"s:109:4:109:Infinity":34,"f:113:16:113:31":2,"s:114:8:114:Infinity":35,"s:115:18:115:Infinity":36,"s:117:30:117:Infinity":37,"s:118:30:118:Infinity":38,"s:119:28:119:Infinity":39,"s:120:38:120:Infinity":40,"s:121:36:121:Infinity":41,"s:122:38:122:Infinity":42,"s:124:2:165:Infinity":43,"f:124:12:124:18":3,"s:125:26:162:Infinity":44,"f:125:26:125:38":4,"s:126:6:161:Infinity":45,"s:127:30:127:Infinity":46,"s:128:31:128:Infinity":47,"s:130:8:130:Infinity":48,"s:131:8:131:Infinity":49,"b:133:8:137:Infinity:undefined:undefined:undefined:undefined":15,"s:133:8:137:Infinity":50,"s:134:10:134:Infinity":51,"s:135:10:135:Infinity":52,"s:136:10:136:Infinity":53,"s:139:8:139:Infinity":54,"s:141:25:147:Infinity":55,"s:149:21:149:Infinity":56,"b:151:8:153:Infinity:undefined:undefined:undefined:undefined":16,"s:151:8:153:Infinity":57,"s:152:10:152:Infinity":58,"b:152:26:152:43:152:43:152:80":17,"s:155:8:155:Infinity":59,"b:155:42:155:49:155:49:155:51":18,"s:157:8:157:Infinity":60,"s:158:8:158:Infinity":61,"b:158:24:158:42:158:42:158:79":19,"s:160:8:160:Infinity":62,"s:164:4:164:Infinity":63,"s:167:24:171:Infinity":64,"f:167:24:167:25":5,"b:168:4:168:Infinity:undefined:undefined:undefined:undefined":20,"s:168:4:168:Infinity":65,"s:168:21:168:Infinity":66,"b:169:4:169:Infinity:undefined:undefined:undefined:undefined":21,"s:169:4:169:Infinity":67,"s:169:21:169:Infinity":68,"s:170:4:170:Infinity":69,"s:173:23:177:Infinity":70,"f:173:23:173:24":6,"b:174:4:174:Infinity:undefined:undefined:undefined:undefined":22,"s:174:4:174:Infinity":71,"s:174:21:174:Infinity":72,"b:175:4:175:Infinity:undefined:undefined:undefined:undefined":23,"s:175:4:175:Infinity":73,"s:175:21:175:Infinity":74,"s:176:4:176:Infinity":75,"b:179:2:198:Infinity:undefined:undefined:undefined:undefined":24,"s:179:2:198:Infinity":76,"b:179:6:179:19:179:19:179:29":25,"s:180:4:196:Infinity":77,"f:191:34:191:40":7,"s:191:40:191:61":78,"s:200:2:498:Infinity":79,"b:217:13:217:Infinity:218:14:227:Infinity":26,"b:219:34:219:55:219:55:219:65":27,"b:221:37:221:61:221:61:221:65":28,"b:224:20:224:49:224:49:224:52":29,"b:225:58:225:64:225:64:225:67":30,"b:225:20:225:49:225:49:225:54":31,"b:231:11:231:Infinity:232:12:240:Infinity":32,"b:243:11:243:23:243:23:243:Infinity:244:12:253:Infinity":33,"f:250:36:250:42":8,"s:250:42:250:64":80,"b:256:11:256:23:256:23:256:Infinity:257:12:494:Infinity":34,"f:259:30:259:31":9,"s:260:18:468:Infinity":81,"b:270:28:270:45:270:45:270:Infinity":35,"b:275:57:275:74:275:74:275:77":36,"b:278:42:278:59:278:59:278:61":37,"b:283:23:283:Infinity:284:24:289:Infinity":38,"b:302:27:302:44:302:44:302:Infinity":39,"f:309:57:309:58":10,"s:310:28:317:Infinity":82,"b:314:36:314:Infinity:315:36:315:Infinity":40,"b:313:47:313:65:313:65:313:66":41,"b:320:30:320:48:320:48:320:52":42,"b:324:25:324:Infinity:325:26:341:Infinity":43,"b:337:35:337:62:337:62:337:Infinity":44,"b:344:25:344:Infinity:345:26:362:Infinity":45,"f:353:58:353:59":11,"s:354:32:359:Infinity":83,"b:365:25:365:Infinity:366:26:376:Infinity":46,"f:367:50:367:51":12,"s:368:30:374:Infinity":84,"b:390:33:390:50:390:50:390:53":47,"b:396:34:396:51:396:51:396:Infinity":48,"b:399:53:399:70:399:70:399:72":49,"b:409:31:409:48:409:48:409:Infinity":50,"b:414:30:454:Infinity:456:30:462:Infinity":51,"f:418:43:418:Infinity":13,"s:419:36:419:Infinity":85,"f:428:43:428:55":14,"s:429:36:429:Infinity":86,"s:430:36:444:Infinity":87,"s:431:38:437:Infinity":88,"b:436:45:436:60:436:60:436:Infinity":52,"s:438:38:438:Infinity":89,"s:439:38:439:Infinity":90,"f:439:49:439:55":15,"s:439:55:439:77":91,"s:441:38:441:Infinity":92,"s:443:38:443:Infinity":93,"b:449:38:449:Infinity:450:38:452:Infinity":53,"b:451:38:451:Infinity:452:38:452:Infinity":54,"f:459:41:459:47":16,"s:459:47:459:Infinity":94}}}
,"C:\\Users\\hchao\\Desktop\\frontend - Git\\src\\app\\pages\\QuestionnairePage.tsx": {"path":"C:\\Users\\hchao\\Desktop\\frontend - Git\\src\\app\\pages\\QuestionnairePage.tsx","statementMap":{"0":{"start":{"line":13,"column":2},"end":{"line":18,"column":null}},"1":{"start":{"line":14,"column":19},"end":{"line":14,"column":null}},"2":{"start":{"line":15,"column":4},"end":{"line":15,"column":null}},"3":{"start":{"line":17,"column":4},"end":{"line":17,"column":null}},"4":{"start":{"line":22,"column":8},"end":{"line":22,"column":null}},"5":{"start":{"line":23,"column":16},"end":{"line":23,"column":null}},"6":{"start":{"line":25,"column":28},"end":{"line":25,"column":null}},"7":{"start":{"line":26,"column":24},"end":{"line":26,"column":null}},"8":{"start":{"line":28,"column":30},"end":{"line":44,"column":null}},"9":{"start":{"line":46,"column":20},"end":{"line":46,"column":null}},"10":{"start":{"line":48,"column":28},"end":{"line":48,"column":null}},"11":{"start":{"line":50,"column":19},"end":{"line":63,"column":null}},"12":{"start":{"line":65,"column":24},"end":{"line":76,"column":null}},"13":{"start":{"line":78,"column":19},"end":{"line":91,"column":null}},"14":{"start":{"line":93,"column":19},"end":{"line":104,"column":null}},"15":{"start":{"line":106,"column":20},"end":{"line":112,"column":null}},"16":{"start":{"line":114,"column":21},"end":{"line":114,"column":null}},"17":{"start":{"line":116,"column":27},"end":{"line":116,"column":null}},"18":{"start":{"line":117,"column":24},"end":{"line":117,"column":null}},"19":{"start":{"line":118,"column":23},"end":{"line":118,"column":null}},"20":{"start":{"line":119,"column":23},"end":{"line":119,"column":null}},"21":{"start":{"line":121,"column":28},"end":{"line":131,"column":null}},"22":{"start":{"line":125,"column":4},"end":{"line":130,"column":null}},"23":{"start":{"line":125,"column":27},"end":{"line":130,"column":6}},"24":{"start":{"line":128,"column":39},"end":{"line":128,"column":53}},"25":{"start":{"line":133,"column":23},"end":{"line":183,"column":null}},"26":{"start":{"line":134,"column":4},"end":{"line":134,"column":null}},"27":{"start":{"line":136,"column":4},"end":{"line":139,"column":null}},"28":{"start":{"line":137,"column":6},"end":{"line":137,"column":null}},"29":{"start":{"line":138,"column":6},"end":{"line":138,"column":null}},"30":{"start":{"line":141,"column":4},"end":{"line":182,"column":null}},"31":{"start":{"line":142,"column":6},"end":{"line":142,"column":null}},"32":{"start":{"line":143,"column":6},"end":{"line":143,"column":null}},"33":{"start":{"line":145,"column":23},"end":{"line":152,"column":null}},"34":{"start":{"line":154,"column":22},"end":{"line":154,"column":null}},"35":{"start":{"line":155,"column":22},"end":{"line":155,"column":null}},"36":{"start":{"line":157,"column":6},"end":{"line":163,"column":null}},"37":{"start":{"line":158,"column":8},"end":{"line":162,"column":null}},"38":{"start":{"line":159,"column":10},"end":{"line":159,"column":null}},"39":{"start":{"line":161,"column":10},"end":{"line":161,"column":null}},"40":{"start":{"line":165,"column":6},"end":{"line":167,"column":null}},"41":{"start":{"line":166,"column":8},"end":{"line":166,"column":null}},"42":{"start":{"line":169,"column":21},"end":{"line":169,"column":null}},"43":{"start":{"line":170,"column":18},"end":{"line":170,"column":null}},"44":{"start":{"line":172,"column":6},"end":{"line":174,"column":null}},"45":{"start":{"line":173,"column":8},"end":{"line":173,"column":null}},"46":{"start":{"line":176,"column":6},"end":{"line":176,"column":null}},"47":{"start":{"line":177,"column":6},"end":{"line":177,"column":null}},"48":{"start":{"line":179,"column":6},"end":{"line":179,"column":null}},"49":{"start":{"line":181,"column":6},"end":{"line":181,"column":null}},"50":{"start":{"line":186,"column":4},"end":{"line":192,"column":null}},"51":{"start":{"line":194,"column":2},"end":{"line":592,"column":null}},"52":{"start":{"line":218,"column":20},"end":{"line":236,"column":null}},"53":{"start":{"line":222,"column":24},"end":{"line":225,"column":null}},"54":{"start":{"line":222,"column":47},"end":{"line":225,"column":26}},"55":{"start":{"line":247,"column":20},"end":{"line":265,"column":null}},"56":{"start":{"line":251,"column":24},"end":{"line":254,"column":null}},"57":{"start":{"line":251,"column":47},"end":{"line":254,"column":26}},"58":{"start":{"line":276,"column":20},"end":{"line":289,"column":null}},"59":{"start":{"line":279,"column":37},"end":{"line":279,"column":null}},"60":{"start":{"line":300,"column":20},"end":{"line":313,"column":null}},"61":{"start":{"line":303,"column":37},"end":{"line":303,"column":null}},"62":{"start":{"line":324,"column":20},"end":{"line":337,"column":null}},"63":{"start":{"line":327,"column":37},"end":{"line":327,"column":null}},"64":{"start":{"line":348,"column":20},"end":{"line":366,"column":null}},"65":{"start":{"line":352,"column":24},"end":{"line":355,"column":null}},"66":{"start":{"line":352,"column":47},"end":{"line":355,"column":26}},"67":{"start":{"line":377,"column":20},"end":{"line":395,"column":null}},"68":{"start":{"line":381,"column":24},"end":{"line":384,"column":null}},"69":{"start":{"line":381,"column":47},"end":{"line":384,"column":26}},"70":{"start":{"line":406,"column":20},"end":{"line":419,"column":null}},"71":{"start":{"line":409,"column":37},"end":{"line":409,"column":null}},"72":{"start":{"line":434,"column":20},"end":{"line":437,"column":null}},"73":{"start":{"line":434,"column":43},"end":{"line":437,"column":22}},"74":{"start":{"line":452,"column":20},"end":{"line":455,"column":null}},"75":{"start":{"line":452,"column":43},"end":{"line":455,"column":22}},"76":{"start":{"line":470,"column":20},"end":{"line":473,"column":null}},"77":{"start":{"line":470,"column":43},"end":{"line":473,"column":22}},"78":{"start":{"line":486,"column":22},"end":{"line":489,"column":null}},"79":{"start":{"line":486,"column":45},"end":{"line":489,"column":24}},"80":{"start":{"line":495,"column":22},"end":{"line":497,"column":null}},"81":{"start":{"line":509,"column":22},"end":{"line":512,"column":null}},"82":{"start":{"line":509,"column":45},"end":{"line":512,"column":24}},"83":{"start":{"line":518,"column":22},"end":{"line":520,"column":null}},"84":{"start":{"line":532,"column":22},"end":{"line":535,"column":null}},"85":{"start":{"line":532,"column":45},"end":{"line":535,"column":24}},"86":{"start":{"line":541,"column":22},"end":{"line":543,"column":null}},"87":{"start":{"line":555,"column":22},"end":{"line":558,"column":null}},"88":{"start":{"line":555,"column":45},"end":{"line":558,"column":24}},"89":{"start":{"line":564,"column":22},"end":{"line":566,"column":null}}},"fnMap":{"0":{"name":"parseJwt","decl":{"start":{"line":12,"column":9},"end":{"line":12,"column":18}},"loc":{"start":{"line":12,"column":54},"end":{"line":19,"column":null}},"line":12},"1":{"name":"QuestionnairePage","decl":{"start":{"line":21,"column":16},"end":{"line":21,"column":36}},"loc":{"start":{"line":21,"column":36},"end":{"line":594,"column":null}},"line":21},"2":{"name":"(anonymous_2)","decl":{"start":{"line":121,"column":28},"end":{"line":121,"column":null}},"loc":{"start":{"line":124,"column":7},"end":{"line":131,"column":null}},"line":124},"3":{"name":"(anonymous_3)","decl":{"start":{"line":125,"column":16},"end":{"line":125,"column":17}},"loc":{"start":{"line":125,"column":27},"end":{"line":130,"column":6}},"line":125},"4":{"name":"(anonymous_4)","decl":{"start":{"line":128,"column":29},"end":{"line":128,"column":30}},"loc":{"start":{"line":128,"column":39},"end":{"line":128,"column":53}},"line":128},"5":{"name":"(anonymous_5)","decl":{"start":{"line":133,"column":23},"end":{"line":133,"column":30}},"loc":{"start":{"line":133,"column":53},"end":{"line":183,"column":null}},"line":133},"6":{"name":"(anonymous_6)","decl":{"start":{"line":217,"column":33},"end":{"line":217,"column":34}},"loc":{"start":{"line":218,"column":20},"end":{"line":236,"column":null}},"line":218},"7":{"name":"(anonymous_7)","decl":{"start":{"line":221,"column":31},"end":{"line":221,"column":null}},"loc":{"start":{"line":222,"column":24},"end":{"line":225,"column":null}},"line":222},"8":{"name":"(anonymous_8)","decl":{"start":{"line":222,"column":36},"end":{"line":222,"column":37}},"loc":{"start":{"line":222,"column":47},"end":{"line":225,"column":26}},"line":222},"9":{"name":"(anonymous_9)","decl":{"start":{"line":246,"column":41},"end":{"line":246,"column":42}},"loc":{"start":{"line":247,"column":20},"end":{"line":265,"column":null}},"line":247},"10":{"name":"(anonymous_10)","decl":{"start":{"line":250,"column":31},"end":{"line":250,"column":null}},"loc":{"start":{"line":251,"column":24},"end":{"line":254,"column":null}},"line":251},"11":{"name":"(anonymous_11)","decl":{"start":{"line":251,"column":36},"end":{"line":251,"column":37}},"loc":{"start":{"line":251,"column":47},"end":{"line":254,"column":26}},"line":251},"12":{"name":"(anonymous_12)","decl":{"start":{"line":275,"column":32},"end":{"line":275,"column":33}},"loc":{"start":{"line":276,"column":20},"end":{"line":289,"column":null}},"line":276},"13":{"name":"(anonymous_13)","decl":{"start":{"line":279,"column":31},"end":{"line":279,"column":37}},"loc":{"start":{"line":279,"column":37},"end":{"line":279,"column":null}},"line":279},"14":{"name":"(anonymous_14)","decl":{"start":{"line":299,"column":37},"end":{"line":299,"column":38}},"loc":{"start":{"line":300,"column":20},"end":{"line":313,"column":null}},"line":300},"15":{"name":"(anonymous_15)","decl":{"start":{"line":303,"column":31},"end":{"line":303,"column":37}},"loc":{"start":{"line":303,"column":37},"end":{"line":303,"column":null}},"line":303},"16":{"name":"(anonymous_16)","decl":{"start":{"line":323,"column":32},"end":{"line":323,"column":33}},"loc":{"start":{"line":324,"column":20},"end":{"line":337,"column":null}},"line":324},"17":{"name":"(anonymous_17)","decl":{"start":{"line":327,"column":31},"end":{"line":327,"column":37}},"loc":{"start":{"line":327,"column":37},"end":{"line":327,"column":null}},"line":327},"18":{"name":"(anonymous_18)","decl":{"start":{"line":347,"column":33},"end":{"line":347,"column":34}},"loc":{"start":{"line":348,"column":20},"end":{"line":366,"column":null}},"line":348},"19":{"name":"(anonymous_19)","decl":{"start":{"line":351,"column":31},"end":{"line":351,"column":null}},"loc":{"start":{"line":352,"column":24},"end":{"line":355,"column":null}},"line":352},"20":{"name":"(anonymous_20)","decl":{"start":{"line":352,"column":36},"end":{"line":352,"column":37}},"loc":{"start":{"line":352,"column":47},"end":{"line":355,"column":26}},"line":352},"21":{"name":"(anonymous_21)","decl":{"start":{"line":376,"column":34},"end":{"line":376,"column":35}},"loc":{"start":{"line":377,"column":20},"end":{"line":395,"column":null}},"line":377},"22":{"name":"(anonymous_22)","decl":{"start":{"line":380,"column":31},"end":{"line":380,"column":null}},"loc":{"start":{"line":381,"column":24},"end":{"line":384,"column":null}},"line":381},"23":{"name":"(anonymous_23)","decl":{"start":{"line":381,"column":36},"end":{"line":381,"column":37}},"loc":{"start":{"line":381,"column":47},"end":{"line":384,"column":26}},"line":381},"24":{"name":"(anonymous_24)","decl":{"start":{"line":405,"column":32},"end":{"line":405,"column":33}},"loc":{"start":{"line":406,"column":20},"end":{"line":419,"column":null}},"line":406},"25":{"name":"(anonymous_25)","decl":{"start":{"line":409,"column":31},"end":{"line":409,"column":37}},"loc":{"start":{"line":409,"column":37},"end":{"line":409,"column":null}},"line":409},"26":{"name":"(anonymous_26)","decl":{"start":{"line":433,"column":28},"end":{"line":433,"column":29}},"loc":{"start":{"line":434,"column":20},"end":{"line":437,"column":null}},"line":434},"27":{"name":"(anonymous_27)","decl":{"start":{"line":434,"column":32},"end":{"line":434,"column":33}},"loc":{"start":{"line":434,"column":43},"end":{"line":437,"column":22}},"line":434},"28":{"name":"(anonymous_28)","decl":{"start":{"line":451,"column":28},"end":{"line":451,"column":29}},"loc":{"start":{"line":452,"column":20},"end":{"line":455,"column":null}},"line":452},"29":{"name":"(anonymous_29)","decl":{"start":{"line":452,"column":32},"end":{"line":452,"column":33}},"loc":{"start":{"line":452,"column":43},"end":{"line":455,"column":22}},"line":452},"30":{"name":"(anonymous_30)","decl":{"start":{"line":469,"column":28},"end":{"line":469,"column":29}},"loc":{"start":{"line":470,"column":20},"end":{"line":473,"column":null}},"line":470},"31":{"name":"(anonymous_31)","decl":{"start":{"line":470,"column":32},"end":{"line":470,"column":33}},"loc":{"start":{"line":470,"column":43},"end":{"line":473,"column":22}},"line":470},"32":{"name":"(anonymous_32)","decl":{"start":{"line":485,"column":30},"end":{"line":485,"column":31}},"loc":{"start":{"line":486,"column":22},"end":{"line":489,"column":null}},"line":486},"33":{"name":"(anonymous_33)","decl":{"start":{"line":486,"column":34},"end":{"line":486,"column":35}},"loc":{"start":{"line":486,"column":45},"end":{"line":489,"column":24}},"line":486},"34":{"name":"(anonymous_34)","decl":{"start":{"line":494,"column":42},"end":{"line":494,"column":43}},"loc":{"start":{"line":495,"column":22},"end":{"line":497,"column":null}},"line":495},"35":{"name":"(anonymous_35)","decl":{"start":{"line":508,"column":30},"end":{"line":508,"column":31}},"loc":{"start":{"line":509,"column":22},"end":{"line":512,"column":null}},"line":509},"36":{"name":"(anonymous_36)","decl":{"start":{"line":509,"column":34},"end":{"line":509,"column":35}},"loc":{"start":{"line":509,"column":45},"end":{"line":512,"column":24}},"line":509},"37":{"name":"(anonymous_37)","decl":{"start":{"line":517,"column":39},"end":{"line":517,"column":40}},"loc":{"start":{"line":518,"column":22},"end":{"line":520,"column":null}},"line":518},"38":{"name":"(anonymous_38)","decl":{"start":{"line":531,"column":30},"end":{"line":531,"column":31}},"loc":{"start":{"line":532,"column":22},"end":{"line":535,"column":null}},"line":532},"39":{"name":"(anonymous_39)","decl":{"start":{"line":532,"column":34},"end":{"line":532,"column":35}},"loc":{"start":{"line":532,"column":45},"end":{"line":535,"column":24}},"line":532},"40":{"name":"(anonymous_40)","decl":{"start":{"line":540,"column":38},"end":{"line":540,"column":39}},"loc":{"start":{"line":541,"column":22},"end":{"line":543,"column":null}},"line":541},"41":{"name":"(anonymous_41)","decl":{"start":{"line":554,"column":30},"end":{"line":554,"column":31}},"loc":{"start":{"line":555,"column":22},"end":{"line":558,"column":null}},"line":555},"42":{"name":"(anonymous_42)","decl":{"start":{"line":555,"column":34},"end":{"line":555,"column":35}},"loc":{"start":{"line":555,"column":45},"end":{"line":558,"column":24}},"line":555},"43":{"name":"(anonymous_43)","decl":{"start":{"line":563,"column":38},"end":{"line":563,"column":39}},"loc":{"start":{"line":564,"column":22},"end":{"line":566,"column":null}},"line":564}},"branchMap":{"0":{"loc":{"start":{"line":127,"column":15},"end":{"line":129,"column":null}},"type":"cond-expr","locations":[{"start":{"line":128,"column":10},"end":{"line":128,"column":null}},{"start":{"line":129,"column":10},"end":{"line":129,"column":null}}],"line":127},"1":{"loc":{"start":{"line":136,"column":4},"end":{"line":139,"column":null}},"type":"if","locations":[{"start":{"line":136,"column":4},"end":{"line":139,"column":null}},{"start":{},"end":{}}],"line":136},"2":{"loc":{"start":{"line":157,"column":6},"end":{"line":163,"column":null}},"type":"if","locations":[{"start":{"line":157,"column":6},"end":{"line":163,"column":null}},{"start":{},"end":{}}],"line":157},"3":{"loc":{"start":{"line":157,"column":10},"end":{"line":157,"column":44}},"type":"binary-expr","locations":[{"start":{"line":157,"column":10},"end":{"line":157,"column":21}},{"start":{"line":157,"column":21},"end":{"line":157,"column":44}}],"line":157},"4":{"loc":{"start":{"line":165,"column":6},"end":{"line":167,"column":null}},"type":"if","locations":[{"start":{"line":165,"column":6},"end":{"line":167,"column":null}},{"start":{},"end":{}}],"line":165},"5":{"loc":{"start":{"line":166,"column":24},"end":{"line":166,"column":82}},"type":"binary-expr","locations":[{"start":{"line":166,"column":24},"end":{"line":166,"column":41}},{"start":{"line":166,"column":41},"end":{"line":166,"column":52}},{"start":{"line":166,"column":52},"end":{"line":166,"column":82}}],"line":166},"6":{"loc":{"start":{"line":172,"column":6},"end":{"line":174,"column":null}},"type":"if","locations":[{"start":{"line":172,"column":6},"end":{"line":174,"column":null}},{"start":{},"end":{}}],"line":172},"7":{"loc":{"start":{"line":179,"column":15},"end":{"line":179,"column":60}},"type":"binary-expr","locations":[{"start":{"line":179,"column":15},"end":{"line":179,"column":30}},{"start":{"line":179,"column":30},"end":{"line":179,"column":60}}],"line":179},"8":{"loc":{"start":{"line":186,"column":4},"end":{"line":192,"column":null}},"type":"binary-expr","locations":[{"start":{"line":186,"column":4},"end":{"line":186,"column":null}},{"start":{"line":187,"column":4},"end":{"line":187,"column":null}},{"start":{"line":188,"column":4},"end":{"line":188,"column":null}},{"start":{"line":189,"column":4},"end":{"line":189,"column":null}},{"start":{"line":190,"column":4},"end":{"line":190,"column":null}},{"start":{"line":191,"column":4},"end":{"line":191,"column":null}},{"start":{"line":192,"column":4},"end":{"line":192,"column":null}}],"line":186},"9":{"loc":{"start":{"line":228,"column":24},"end":{"line":230,"column":null}},"type":"cond-expr","locations":[{"start":{"line":229,"column":28},"end":{"line":229,"column":null}},{"start":{"line":230,"column":28},"end":{"line":230,"column":null}}],"line":228},"10":{"loc":{"start":{"line":257,"column":24},"end":{"line":259,"column":null}},"type":"cond-expr","locations":[{"start":{"line":258,"column":28},"end":{"line":258,"column":null}},{"start":{"line":259,"column":28},"end":{"line":259,"column":null}}],"line":257},"11":{"loc":{"start":{"line":281,"column":24},"end":{"line":283,"column":null}},"type":"cond-expr","locations":[{"start":{"line":282,"column":28},"end":{"line":282,"column":null}},{"start":{"line":283,"column":28},"end":{"line":283,"column":null}}],"line":281},"12":{"loc":{"start":{"line":305,"column":24},"end":{"line":307,"column":null}},"type":"cond-expr","locations":[{"start":{"line":306,"column":28},"end":{"line":306,"column":null}},{"start":{"line":307,"column":28},"end":{"line":307,"column":null}}],"line":305},"13":{"loc":{"start":{"line":329,"column":24},"end":{"line":331,"column":null}},"type":"cond-expr","locations":[{"start":{"line":330,"column":28},"end":{"line":330,"column":null}},{"start":{"line":331,"column":28},"end":{"line":331,"column":null}}],"line":329},"14":{"loc":{"start":{"line":358,"column":24},"end":{"line":360,"column":null}},"type":"cond-expr","locations":[{"start":{"line":359,"column":28},"end":{"line":359,"column":null}},{"start":{"line":360,"column":28},"end":{"line":360,"column":null}}],"line":358},"15":{"loc":{"start":{"line":387,"column":24},"end":{"line":389,"column":null}},"type":"cond-expr","locations":[{"start":{"line":388,"column":28},"end":{"line":388,"column":null}},{"start":{"line":389,"column":28},"end":{"line":389,"column":null}}],"line":387},"16":{"loc":{"start":{"line":411,"column":24},"end":{"line":413,"column":null}},"type":"cond-expr","locations":[{"start":{"line":412,"column":28},"end":{"line":412,"column":null}},{"start":{"line":413,"column":28},"end":{"line":413,"column":null}}],"line":411}},"s":{"0":1,"1":1,"2":1,"3":0,"4":27,"5":27,"6":27,"7":27,"8":27,"9":27,"10":27,"11":27,"12":27,"13":27,"14":27,"15":27,"16":27,"17":27,"18":27,"19":27,"20":27,"21":27,"22":8,"23":8,"24":1,"25":27,"26":2,"27":2,"28":1,"29":1,"30":1,"31":1,"32":1,"33":1,"34":1,"35":1,"36":1,"37":1,"38":1,"39":0,"40":1,"41":0,"42":1,"43":1,"44":1,"45":1,"46":1,"47":1,"48":0,"49":1,"50":27,"51":27,"52":135,"53":2,"54":2,"55":108,"56":2,"57":2,"58":324,"59":4,"60":270,"61":2,"62":324,"63":2,"64":135,"65":2,"66":2,"67":81,"68":2,"69":2,"70":270,"71":0,"72":1,"73":1,"74":1,"75":1,"76":1,"77":1,"78":1,"79":1,"80":108,"81":0,"82":0,"83":81,"84":0,"85":0,"86":81,"87":0,"88":0,"89":81},"f":{"0":1,"1":27,"2":8,"3":8,"4":1,"5":2,"6":135,"7":2,"8":2,"9":108,"10":2,"11":2,"12":324,"13":4,"14":270,"15":2,"16":324,"17":2,"18":135,"19":2,"20":2,"21":81,"22":2,"23":2,"24":270,"25":0,"26":1,"27":1,"28":1,"29":1,"30":1,"31":1,"32":1,"33":1,"34":108,"35":0,"36":0,"37":81,"38":0,"39":0,"40":81,"41":0,"42":0,"43":81},"b":{"0":[1,7],"1":[1,1],"2":[1,0],"3":[1,1],"4":[0,1],"5":[0,0,0],"6":[1,0],"7":[0,0],"8":[27,21,19,17,15,13,11],"9":[21,114],"10":[19,89],"11":[18,306],"12":[15,255],"13":[13,311],"14":[11,124],"15":[9,72],"16":[0,270]},"meta":{"lastBranch":17,"lastFunction":44,"lastStatement":90,"seen":{"f:12:9:12:18":0,"s:13:2:18:Infinity":0,"s:14:19:14:Infinity":1,"s:15:4:15:Infinity":2,"s:17:4:17:Infinity":3,"f:21:16:21:36":1,"s:22:8:22:Infinity":4,"s:23:16:23:Infinity":5,"s:25:28:25:Infinity":6,"s:26:24:26:Infinity":7,"s:28:30:44:Infinity":8,"s:46:20:46:Infinity":9,"s:48:28:48:Infinity":10,"s:50:19:63:Infinity":11,"s:65:24:76:Infinity":12,"s:78:19:91:Infinity":13,"s:93:19:104:Infinity":14,"s:106:20:112:Infinity":15,"s:114:21:114:Infinity":16,"s:116:27:116:Infinity":17,"s:117:24:117:Infinity":18,"s:118:23:118:Infinity":19,"s:119:23:119:Infinity":20,"s:121:28:131:Infinity":21,"f:121:28:121:Infinity":2,"s:125:4:130:Infinity":22,"f:125:16:125:17":3,"s:125:27:130:6":23,"b:128:10:128:Infinity:129:10:129:Infinity":0,"f:128:29:128:30":4,"s:128:39:128:53":24,"s:133:23:183:Infinity":25,"f:133:23:133:30":5,"s:134:4:134:Infinity":26,"b:136:4:139:Infinity:undefined:undefined:undefined:undefined":1,"s:136:4:139:Infinity":27,"s:137:6:137:Infinity":28,"s:138:6:138:Infinity":29,"s:141:4:182:Infinity":30,"s:142:6:142:Infinity":31,"s:143:6:143:Infinity":32,"s:145:23:152:Infinity":33,"s:154:22:154:Infinity":34,"s:155:22:155:Infinity":35,"b:157:6:163:Infinity:undefined:undefined:undefined:undefined":2,"s:157:6:163:Infinity":36,"b:157:10:157:21:157:21:157:44":3,"s:158:8:162:Infinity":37,"s:159:10:159:Infinity":38,"s:161:10:161:Infinity":39,"b:165:6:167:Infinity:undefined:undefined:undefined:undefined":4,"s:165:6:167:Infinity":40,"s:166:8:166:Infinity":41,"b:166:24:166:41:166:41:166:52:166:52:166:82":5,"s:169:21:169:Infinity":42,"s:170:18:170:Infinity":43,"b:172:6:174:Infinity:undefined:undefined:undefined:undefined":6,"s:172:6:174:Infinity":44,"s:173:8:173:Infinity":45,"s:176:6:176:Infinity":46,"s:177:6:177:Infinity":47,"s:179:6:179:Infinity":48,"b:179:15:179:30:179:30:179:60":7,"s:181:6:181:Infinity":49,"s:186:4:192:Infinity":50,"b:186:4:186:Infinity:187:4:187:Infinity:188:4:188:Infinity:189:4:189:Infinity:190:4:190:Infinity:191:4:191:Infinity:192:4:192:Infinity":8,"s:194:2:592:Infinity":51,"f:217:33:217:34":6,"s:218:20:236:Infinity":52,"f:221:31:221:Infinity":7,"s:222:24:225:Infinity":53,"f:222:36:222:37":8,"s:222:47:225:26":54,"b:229:28:229:Infinity:230:28:230:Infinity":9,"f:246:41:246:42":9,"s:247:20:265:Infinity":55,"f:250:31:250:Infinity":10,"s:251:24:254:Infinity":56,"f:251:36:251:37":11,"s:251:47:254:26":57,"b:258:28:258:Infinity:259:28:259:Infinity":10,"f:275:32:275:33":12,"s:276:20:289:Infinity":58,"f:279:31:279:37":13,"s:279:37:279:Infinity":59,"b:282:28:282:Infinity:283:28:283:Infinity":11,"f:299:37:299:38":14,"s:300:20:313:Infinity":60,"f:303:31:303:37":15,"s:303:37:303:Infinity":61,"b:306:28:306:Infinity:307:28:307:Infinity":12,"f:323:32:323:33":16,"s:324:20:337:Infinity":62,"f:327:31:327:37":17,"s:327:37:327:Infinity":63,"b:330:28:330:Infinity:331:28:331:Infinity":13,"f:347:33:347:34":18,"s:348:20:366:Infinity":64,"f:351:31:351:Infinity":19,"s:352:24:355:Infinity":65,"f:352:36:352:37":20,"s:352:47:355:26":66,"b:359:28:359:Infinity:360:28:360:Infinity":14,"f:376:34:376:35":21,"s:377:20:395:Infinity":67,"f:380:31:380:Infinity":22,"s:381:24:384:Infinity":68,"f:381:36:381:37":23,"s:381:47:384:26":69,"b:388:28:388:Infinity:389:28:389:Infinity":15,"f:405:32:405:33":24,"s:406:20:419:Infinity":70,"f:409:31:409:37":25,"s:409:37:409:Infinity":71,"b:412:28:412:Infinity:413:28:413:Infinity":16,"f:433:28:433:29":26,"s:434:20:437:Infinity":72,"f:434:32:434:33":27,"s:434:43:437:22":73,"f:451:28:451:29":28,"s:452:20:455:Infinity":74,"f:452:32:452:33":29,"s:452:43:455:22":75,"f:469:28:469:29":30,"s:470:20:473:Infinity":76,"f:470:32:470:33":31,"s:470:43:473:22":77,"f:485:30:485:31":32,"s:486:22:489:Infinity":78,"f:486:34:486:35":33,"s:486:45:489:24":79,"f:494:42:494:43":34,"s:495:22:497:Infinity":80,"f:508:30:508:31":35,"s:509:22:512:Infinity":81,"f:509:34:509:35":36,"s:509:45:512:24":82,"f:517:39:517:40":37,"s:518:22:520:Infinity":83,"f:531:30:531:31":38,"s:532:22:535:Infinity":84,"f:532:34:532:35":39,"s:532:45:535:24":85,"f:540:38:540:39":40,"s:541:22:543:Infinity":86,"f:554:30:554:31":41,"s:555:22:558:Infinity":87,"f:555:34:555:35":42,"s:555:45:558:24":88,"f:563:38:563:39":43,"s:564:22:566:Infinity":89}}}
,"C:\\Users\\hchao\\Desktop\\frontend - Git\\src\\app\\utils\\questionnaire.ts": {"path":"C:\\Users\\hchao\\Desktop\\frontend - Git\\src\\app\\utils\\questionnaire.ts","statementMap":{"0":{"start":{"line":2,"column":2},"end":{"line":2,"column":null}},"1":{"start":{"line":6,"column":2},"end":{"line":6,"column":null}}},"fnMap":{"0":{"name":"markQuestionnaireComplete","decl":{"start":{"line":1,"column":16},"end":{"line":1,"column":42}},"loc":{"start":{"line":1,"column":58},"end":{"line":3,"column":null}},"line":1},"1":{"name":"isQuestionnaireComplete","decl":{"start":{"line":5,"column":16},"end":{"line":5,"column":40}},"loc":{"start":{"line":5,"column":56},"end":{"line":7,"column":null}},"line":5}},"branchMap":{},"s":{"0":1,"1":0},"f":{"0":1,"1":0},"b":{},"meta":{"lastBranch":0,"lastFunction":2,"lastStatement":2,"seen":{"f:1:16:1:42":0,"s:2:2:2:Infinity":0,"f:5:16:5:40":1,"s:6:2:6:Infinity":1}}}
,"C:\\Users\\hchao\\Desktop\\frontend - Git\\src\\styles\\custom.css": {"path":"C:\\Users\\hchao\\Desktop\\frontend - Git\\src\\styles\\custom.css","statementMap":{},"fnMap":{},"branchMap":{},"s":{},"f":{},"b":{},"meta":{"lastBranch":0,"lastFunction":0,"lastStatement":0,"seen":{}}}
}
