TN:
SF:src\app\App.tsx
FN:47,AdminRoute
FN:73,UserRoute
FN:99,AuthenticatedRoute
FN:120,UserLayout
FN:134,AppRoutes
FN:228,App
FNF:6
FNH:5
FNDA:2,AdminRoute
FNDA:2,UserRoute
FNDA:0,AuthenticatedRoute
FNDA:1,UserLayout
FNDA:4,AppRoutes
FNDA:4,App
DA:48,2
DA:50,2
DA:51,0
DA:62,2
DA:63,2
DA:65,1
DA:74,2
DA:76,2
DA:77,0
DA:88,2
DA:89,1
DA:91,1
DA:100,0
DA:102,0
DA:103,0
DA:114,0
DA:116,0
DA:121,1
DA:135,4
DA:229,4
LF:20
LH:13
BRDA:50,0,0,0
BRDA:50,0,1,2
BRDA:62,1,0,0
BRDA:62,1,1,2
BRDA:63,2,0,1
BRDA:63,2,1,1
BRDA:76,3,0,0
BRDA:76,3,1,2
BRDA:88,4,0,1
BRDA:88,4,1,1
BRDA:89,5,0,0
BRDA:89,5,1,1
BRDA:102,6,0,0
BRDA:102,6,1,0
BRDA:114,7,0,0
BRDA:114,7,1,0
BRF:16
BRH:8
end_of_record
TN:
SF:src\app\components\BackButton.tsx
FN:10,BackButton
FN:13,(anonymous_1)
FNF:2
FNH:1
FNDA:9,BackButton
FNDA:0,(anonymous_1)
DA:11,9
DA:13,9
DA:14,0
DA:15,0
DA:17,0
DA:21,9
LF:6
LH:3
BRDA:10,0,0,9
BRDA:14,1,0,0
BRDA:14,1,1,0
BRF:3
BRH:1
end_of_record
TN:
SF:src\app\components\Button.tsx
FN:10,Button
FNF:1
FNH:1
FNDA:71,Button
DA:18,71
DA:20,71
DA:28,71
LF:3
LH:3
BRDA:11,0,0,71
BRDA:12,1,0,71
BRDA:14,2,0,71
BRDA:31,3,0,61
BRDA:31,3,1,10
BRF:5
BRH:5
end_of_record
TN:
SF:src\app\components\GlassCard.tsx
FN:10,GlassCard
FNF:1
FNH:1
FNDA:98,GlassCard
DA:11,98
LF:1
LH:1
BRDA:10,0,0,98
BRDA:10,1,0,98
BRDA:14,2,0,3
BRDA:14,2,1,95
BRF:4
BRH:4
end_of_record
TN:
SF:src\app\components\Input.tsx
FN:7,Input
FNF:1
FNH:1
FNDA:168,Input
DA:8,168
LF:1
LH:1
BRDA:7,0,0,168
BRDA:10,1,0,168
BRDA:10,1,1,168
BRF:3
BRH:3
end_of_record
TN:
SF:src\app\components\PageTransition.tsx
FN:37,PageTransition
FNF:1
FNH:1
FNDA:67,PageTransition
DA:9,4
DA:38,67
DA:40,67
LF:3
LH:3
BRDA:37,0,0,67
BRF:1
BRH:1
end_of_record
TN:
SF:src\app\components\ProgressIndicator.tsx
FN:8,ProgressIndicator
FN:25,(anonymous_1)
FNF:2
FNH:2
FNDA:27,ProgressIndicator
FNDA:108,(anonymous_1)
DA:9,27
DA:26,108
LF:2
LH:2
BRDA:29,0,0,54
BRDA:29,0,1,54
BRDA:36,1,0,54
BRDA:36,1,1,54
BRF:4
BRH:4
end_of_record
TN:
SF:src\app\components\figma\ImageWithFallback.tsx
FN:6,ImageWithFallback
FN:9,(anonymous_1)
FNF:2
FNH:1
FNDA:10,ImageWithFallback
FNDA:0,(anonymous_1)
DA:4,2
DA:7,10
DA:9,10
DA:10,0
DA:14,10
DA:16,10
LF:6
LH:5
BRDA:16,0,0,0
BRDA:16,0,1,10
BRDA:18,1,0,0
BRDA:18,1,1,0
BRF:4
BRH:1
end_of_record
TN:
SF:src\app\pages\CartPage.tsx
FN:12,CartPage
FN:19,(anonymous_1)
FN:71,(anonymous_2)
FN:85,(anonymous_3)
FN:111,(anonymous_4)
FN:112,(anonymous_5)
FN:116,(anonymous_6)
FN:138,(anonymous_7)
FN:139,(anonymous_8)
FN:143,(anonymous_9)
FN:163,(anonymous_10)
FN:164,(anonymous_11)
FN:168,(anonymous_12)
FN:254,(anonymous_13)
FN:263,(anonymous_14)
FNF:15
FNH:11
FNDA:9,CartPage
FNDA:7,(anonymous_1)
FNDA:1,(anonymous_2)
FNDA:7,(anonymous_3)
FNDA:1,(anonymous_4)
FNDA:1,(anonymous_5)
FNDA:1,(anonymous_6)
FNDA:0,(anonymous_7)
FNDA:0,(anonymous_8)
FNDA:0,(anonymous_9)
FNDA:1,(anonymous_10)
FNDA:1,(anonymous_11)
FNDA:1,(anonymous_12)
FNDA:1,(anonymous_13)
FNDA:0,(anonymous_14)
DA:13,9
DA:14,9
DA:16,9
DA:18,9
DA:19,7
DA:22,9
DA:23,9
DA:24,9
DA:26,9
DA:71,1
DA:86,7
DA:112,1
DA:113,1
DA:114,1
DA:116,1
DA:117,1
DA:118,1
DA:119,1
DA:139,0
DA:140,0
DA:141,0
DA:143,0
DA:144,0
DA:145,0
DA:146,0
DA:164,1
DA:165,1
DA:166,1
DA:168,1
DA:169,1
DA:170,1
DA:171,1
DA:254,1
DA:263,0
LF:34
LH:26
BRDA:22,0,0,3
BRDA:22,0,1,6
BRDA:43,1,0,7
BRDA:43,1,1,2
BRDA:47,2,0,1
BRDA:47,2,1,8
BRDA:59,3,0,1
BRDA:59,3,1,7
BRDA:126,4,0,2
BRDA:126,4,1,5
BRDA:151,5,0,7
BRDA:151,5,1,3
BRDA:153,6,0,2
BRDA:153,6,1,5
BRDA:178,7,0,2
BRDA:178,7,1,5
BRDA:191,8,0,7
BRDA:191,8,1,3
BRDA:220,9,0,7
BRDA:220,9,1,3
BRDA:243,10,0,7
BRDA:243,10,1,4
BRF:22
BRH:22
end_of_record
TN:
SF:src\app\pages\CheckoutPage.tsx
FN:29,CheckoutPage
FN:45,(anonymous_1)
FN:71,(anonymous_2)
FN:77,(anonymous_3)
FN:120,(anonymous_4)
FN:130,(anonymous_5)
FN:142,(anonymous_6)
FN:155,(anonymous_7)
FN:165,(anonymous_8)
FN:184,(anonymous_9)
FN:196,(anonymous_10)
FN:206,(anonymous_11)
FN:249,(anonymous_12)
FNF:13
FNH:13
FNDA:21,CheckoutPage
FNDA:2,(anonymous_1)
FNDA:42,(anonymous_2)
FNDA:42,(anonymous_3)
FNDA:2,(anonymous_4)
FNDA:2,(anonymous_5)
FNDA:2,(anonymous_6)
FNDA:2,(anonymous_7)
FNDA:2,(anonymous_8)
FNDA:2,(anonymous_9)
FNDA:2,(anonymous_10)
FNDA:2,(anonymous_11)
FNDA:42,(anonymous_12)
DA:30,21
DA:31,21
DA:32,21
DA:33,21
DA:34,21
DA:45,21
DA:46,2
DA:47,2
DA:49,1
DA:50,1
DA:51,1
DA:58,1
DA:59,1
DA:60,1
DA:62,0
DA:65,0
DA:67,1
DA:71,42
DA:77,21
DA:78,42
DA:79,42
DA:82,21
DA:83,21
DA:85,21
DA:121,2
DA:131,2
DA:143,2
DA:156,2
DA:166,2
DA:185,2
DA:197,2
DA:207,2
DA:250,42
LF:33
LH:31
BRDA:47,0,0,1
BRDA:47,0,1,1
BRDA:58,1,0,1
BRDA:58,1,1,0
BRDA:78,2,0,42
BRDA:78,2,1,0
BRDA:227,3,0,1
BRDA:227,3,1,20
BRDA:257,4,0,42
BRDA:257,4,1,0
BRF:10
BRH:7
end_of_record
TN:
SF:src\app\pages\ProductsPage.tsx
FN:60,isAnalysisResult
FN:69,extractAnalysisFromStorage
FN:113,ProductsPage
FN:124,(anonymous_3)
FN:125,(anonymous_4)
FN:167,(anonymous_5)
FN:173,(anonymous_6)
FN:191,(anonymous_7)
FN:250,(anonymous_8)
FN:259,(anonymous_9)
FN:309,(anonymous_10)
FN:353,(anonymous_11)
FN:367,(anonymous_12)
FN:418,(anonymous_13)
FN:428,(anonymous_14)
FN:439,(anonymous_15)
FN:459,(anonymous_16)
FNF:17
FNH:14
FNDA:2,isAnalysisResult
FNDA:3,extractAnalysisFromStorage
FNDA:10,ProductsPage
FNDA:3,(anonymous_3)
FNDA:3,(anonymous_4)
FNDA:6,(anonymous_5)
FNDA:3,(anonymous_6)
FNDA:1,(anonymous_7)
FNDA:1,(anonymous_8)
FNDA:3,(anonymous_9)
FNDA:15,(anonymous_10)
FNDA:6,(anonymous_11)
FNDA:6,(anonymous_12)
FNDA:0,(anonymous_13)
FNDA:1,(anonymous_14)
FNDA:0,(anonymous_15)
FNDA:0,(anonymous_16)
DA:61,2
DA:70,3
DA:72,2
DA:73,2
DA:75,2
DA:77,0
DA:79,0
DA:80,0
DA:81,0
DA:84,0
DA:86,0
DA:87,0
DA:88,0
DA:91,0
DA:93,0
DA:94,0
DA:95,0
DA:98,0
DA:100,0
DA:101,0
DA:102,0
DA:105,0
DA:106,0
DA:108,0
DA:109,0
DA:114,10
DA:115,10
DA:117,10
DA:118,10
DA:119,10
DA:120,10
DA:121,10
DA:122,10
DA:124,10
DA:125,3
DA:126,3
DA:127,3
DA:128,3
DA:130,3
DA:131,3
DA:133,3
DA:134,1
DA:135,1
DA:136,1
DA:139,2
DA:141,2
DA:149,2
DA:151,2
DA:152,1
DA:155,1
DA:157,1
DA:158,1
DA:160,3
DA:164,3
DA:167,10
DA:168,6
DA:169,0
DA:170,0
DA:173,10
DA:174,3
DA:175,0
DA:176,0
DA:179,10
DA:180,1
DA:191,1
DA:200,9
DA:250,1
DA:260,3
DA:310,15
DA:354,6
DA:368,6
DA:419,0
DA:429,1
DA:430,1
DA:431,1
DA:438,1
DA:439,1
DA:441,0
DA:443,1
DA:459,0
LF:80
LH:53
BRDA:62,0,0,2
BRDA:62,0,1,2
BRDA:62,0,2,2
BRDA:62,0,3,2
BRDA:70,1,0,1
BRDA:70,1,1,2
BRDA:75,2,0,2
BRDA:75,2,1,0
BRDA:77,3,0,0
BRDA:77,3,1,0
BRDA:79,4,0,0
BRDA:79,4,1,0
BRDA:81,5,0,0
BRDA:81,5,1,0
BRDA:84,6,0,0
BRDA:84,6,1,0
BRDA:86,7,0,0
BRDA:86,7,1,0
BRDA:88,8,0,0
BRDA:88,8,1,0
BRDA:91,9,0,0
BRDA:91,9,1,0
BRDA:93,10,0,0
BRDA:93,10,1,0
BRDA:95,11,0,0
BRDA:95,11,1,0
BRDA:98,12,0,0
BRDA:98,12,1,0
BRDA:100,13,0,0
BRDA:100,13,1,0
BRDA:102,14,0,0
BRDA:102,14,1,0
BRDA:133,15,0,1
BRDA:133,15,1,2
BRDA:151,16,0,1
BRDA:151,16,1,1
BRDA:152,17,0,1
BRDA:152,17,1,0
BRDA:155,18,0,1
BRDA:155,18,1,0
BRDA:158,19,0,1
BRDA:158,19,1,0
BRDA:168,20,0,6
BRDA:168,20,1,0
BRDA:169,21,0,0
BRDA:169,21,1,0
BRDA:174,22,0,3
BRDA:174,22,1,0
BRDA:175,23,0,0
BRDA:175,23,1,0
BRDA:179,24,0,1
BRDA:179,24,1,9
BRDA:179,25,0,10
BRDA:179,25,1,4
BRDA:217,26,0,9
BRDA:217,26,1,6
BRDA:219,27,0,6
BRDA:219,27,1,0
BRDA:221,28,0,6
BRDA:221,28,1,0
BRDA:224,29,0,6
BRDA:224,29,1,0
BRDA:224,30,0,0
BRDA:224,30,1,6
BRDA:225,31,0,6
BRDA:225,31,1,0
BRDA:231,32,0,10
BRDA:231,32,1,5
BRDA:243,33,0,10
BRDA:243,33,1,4
BRDA:243,33,2,1
BRDA:256,34,0,10
BRDA:256,34,1,4
BRDA:256,34,2,3
BRDA:270,35,0,3
BRDA:270,35,1,0
BRDA:275,36,0,3
BRDA:275,36,1,0
BRDA:278,37,0,3
BRDA:278,37,1,0
BRDA:283,38,0,3
BRDA:283,38,1,3
BRDA:302,39,0,3
BRDA:302,39,1,0
BRDA:313,40,0,12
BRDA:313,40,1,3
BRDA:313,41,0,15
BRDA:313,41,1,0
BRDA:320,42,0,3
BRDA:320,42,1,0
BRDA:324,43,0,3
BRDA:324,43,1,3
BRDA:337,44,0,3
BRDA:337,44,1,0
BRDA:344,45,0,3
BRDA:344,45,1,3
BRDA:365,46,0,3
BRDA:365,46,1,3
BRDA:390,47,0,3
BRDA:390,47,1,0
BRDA:396,48,0,3
BRDA:396,48,1,0
BRDA:399,49,0,3
BRDA:399,49,1,0
BRDA:409,50,0,3
BRDA:409,50,1,0
BRDA:413,51,0,3
BRDA:413,51,1,0
BRDA:436,52,0,1
BRDA:436,52,1,0
BRDA:448,53,0,1
BRDA:448,53,1,2
BRDA:450,54,0,1
BRDA:450,54,1,1
BRF:114
BRH:62
end_of_record
TN:
SF:src\app\pages\QuestionnairePage.tsx
FN:12,parseJwt
FN:21,QuestionnairePage
FN:121,(anonymous_2)
FN:125,(anonymous_3)
FN:128,(anonymous_4)
FN:133,(anonymous_5)
FN:217,(anonymous_6)
FN:221,(anonymous_7)
FN:222,(anonymous_8)
FN:246,(anonymous_9)
FN:250,(anonymous_10)
FN:251,(anonymous_11)
FN:275,(anonymous_12)
FN:279,(anonymous_13)
FN:299,(anonymous_14)
FN:303,(anonymous_15)
FN:323,(anonymous_16)
FN:327,(anonymous_17)
FN:347,(anonymous_18)
FN:351,(anonymous_19)
FN:352,(anonymous_20)
FN:376,(anonymous_21)
FN:380,(anonymous_22)
FN:381,(anonymous_23)
FN:405,(anonymous_24)
FN:409,(anonymous_25)
FN:433,(anonymous_26)
FN:434,(anonymous_27)
FN:451,(anonymous_28)
FN:452,(anonymous_29)
FN:469,(anonymous_30)
FN:470,(anonymous_31)
FN:485,(anonymous_32)
FN:486,(anonymous_33)
FN:494,(anonymous_34)
FN:508,(anonymous_35)
FN:509,(anonymous_36)
FN:517,(anonymous_37)
FN:531,(anonymous_38)
FN:532,(anonymous_39)
FN:540,(anonymous_40)
FN:554,(anonymous_41)
FN:555,(anonymous_42)
FN:563,(anonymous_43)
FNF:44
FNH:37
FNDA:1,parseJwt
FNDA:27,QuestionnairePage
FNDA:8,(anonymous_2)
FNDA:8,(anonymous_3)
FNDA:1,(anonymous_4)
FNDA:2,(anonymous_5)
FNDA:135,(anonymous_6)
FNDA:2,(anonymous_7)
FNDA:2,(anonymous_8)
FNDA:108,(anonymous_9)
FNDA:2,(anonymous_10)
FNDA:2,(anonymous_11)
FNDA:324,(anonymous_12)
FNDA:4,(anonymous_13)
FNDA:270,(anonymous_14)
FNDA:2,(anonymous_15)
FNDA:324,(anonymous_16)
FNDA:2,(anonymous_17)
FNDA:135,(anonymous_18)
FNDA:2,(anonymous_19)
FNDA:2,(anonymous_20)
FNDA:81,(anonymous_21)
FNDA:2,(anonymous_22)
FNDA:2,(anonymous_23)
FNDA:270,(anonymous_24)
FNDA:0,(anonymous_25)
FNDA:1,(anonymous_26)
FNDA:1,(anonymous_27)
FNDA:1,(anonymous_28)
FNDA:1,(anonymous_29)
FNDA:1,(anonymous_30)
FNDA:1,(anonymous_31)
FNDA:1,(anonymous_32)
FNDA:1,(anonymous_33)
FNDA:108,(anonymous_34)
FNDA:0,(anonymous_35)
FNDA:0,(anonymous_36)
FNDA:81,(anonymous_37)
FNDA:0,(anonymous_38)
FNDA:0,(anonymous_39)
FNDA:81,(anonymous_40)
FNDA:0,(anonymous_41)
FNDA:0,(anonymous_42)
FNDA:81,(anonymous_43)
DA:13,1
DA:14,1
DA:15,1
DA:17,0
DA:22,27
DA:23,27
DA:25,27
DA:26,27
DA:28,27
DA:46,27
DA:48,27
DA:50,27
DA:65,27
DA:78,27
DA:93,27
DA:106,27
DA:114,27
DA:116,27
DA:117,27
DA:118,27
DA:119,27
DA:121,27
DA:125,8
DA:128,1
DA:133,27
DA:134,2
DA:136,2
DA:137,1
DA:138,1
DA:141,1
DA:142,1
DA:143,1
DA:145,1
DA:154,1
DA:155,1
DA:157,1
DA:158,1
DA:159,1
DA:161,0
DA:165,1
DA:166,0
DA:169,1
DA:170,1
DA:172,1
DA:173,1
DA:176,1
DA:177,1
DA:179,0
DA:181,1
DA:186,27
DA:194,27
DA:218,135
DA:222,2
DA:247,108
DA:251,2
DA:276,324
DA:279,4
DA:300,270
DA:303,2
DA:324,324
DA:327,2
DA:348,135
DA:352,2
DA:377,81
DA:381,2
DA:406,270
DA:409,0
DA:434,1
DA:452,1
DA:470,1
DA:486,1
DA:495,108
DA:509,0
DA:518,81
DA:532,0
DA:541,81
DA:555,0
DA:564,81
LF:78
LH:70
BRDA:127,0,0,1
BRDA:127,0,1,7
BRDA:136,1,0,1
BRDA:136,1,1,1
BRDA:157,2,0,1
BRDA:157,2,1,0
BRDA:157,3,0,1
BRDA:157,3,1,1
BRDA:165,4,0,0
BRDA:165,4,1,1
BRDA:166,5,0,0
BRDA:166,5,1,0
BRDA:166,5,2,0
BRDA:172,6,0,1
BRDA:172,6,1,0
BRDA:179,7,0,0
BRDA:179,7,1,0
BRDA:186,8,0,27
BRDA:186,8,1,21
BRDA:186,8,2,19
BRDA:186,8,3,17
BRDA:186,8,4,15
BRDA:186,8,5,13
BRDA:186,8,6,11
BRDA:228,9,0,21
BRDA:228,9,1,114
BRDA:257,10,0,19
BRDA:257,10,1,89
BRDA:281,11,0,18
BRDA:281,11,1,306
BRDA:305,12,0,15
BRDA:305,12,1,255
BRDA:329,13,0,13
BRDA:329,13,1,311
BRDA:358,14,0,11
BRDA:358,14,1,124
BRDA:387,15,0,9
BRDA:387,15,1,72
BRDA:411,16,0,0
BRDA:411,16,1,270
BRF:40
BRH:31
end_of_record
TN:
SF:src\app\utils\questionnaire.ts
FN:1,markQuestionnaireComplete
FN:5,isQuestionnaireComplete
FNF:2
FNH:1
FNDA:1,markQuestionnaireComplete
FNDA:0,isQuestionnaireComplete
DA:2,1
DA:6,0
LF:2
LH:1
BRF:0
BRH:0
end_of_record
TN:
SF:src\styles\custom.css
FNF:0
FNH:0
LF:0
LH:0
BRF:0
BRH:0
end_of_record
